[debug] [2026-06-25T18:27:01.891Z] ----------------------------------------------------------------------
[debug] [2026-06-25T18:27:01.893Z] Command:       C:\Program Files\nodejs\node.exe C:\Users\Joaquin\AppData\Roaming\npm\node_modules\firebase-tools\lib\bin\firebase.js deploy --only functions --debug
[debug] [2026-06-25T18:27:01.893Z] CLI Version:   15.22.2
[debug] [2026-06-25T18:27:01.893Z] Platform:      win32
[debug] [2026-06-25T18:27:01.893Z] Node Version:  v24.15.0
[debug] [2026-06-25T18:27:01.893Z] Detected Agent: unknown
[debug] [2026-06-25T18:27:01.894Z] Time:          Thu Jun 25 2026 13:27:01 GMT-0500 (hora estándar de Perú)
[debug] [2026-06-25T18:27:01.894Z] ----------------------------------------------------------------------
[debug] 
[debug] [2026-06-25T18:27:03.396Z] > command requires scopes: ["email","openid","https://www.googleapis.com/auth/cloudplatformprojects.readonly","https://www.googleapis.com/auth/firebase","https://www.googleapis.com/auth/cloud-platform"]
[debug] [2026-06-25T18:27:03.397Z] > authorizing via signed-in user (jojechta@gmail.com)
[debug] [2026-06-25T18:27:03.398Z] [iam] checking project chrono-vision-8cc8a for permissions ["cloudfunctions.functions.create","cloudfunctions.functions.delete","cloudfunctions.functions.get","cloudfunctions.functions.list","cloudfunctions.functions.update","cloudfunctions.operations.get","firebase.projects.get"]
[debug] [2026-06-25T18:27:03.399Z] Checked if tokens are valid: true, expires at: 1782415190782
[debug] [2026-06-25T18:27:03.399Z] Checked if tokens are valid: true, expires at: 1782415190782
[debug] [2026-06-25T18:27:03.400Z] >>> [apiv2][query] POST https://cloudresourcemanager.googleapis.com/v1/projects/chrono-vision-8cc8a:testIamPermissions [none]
[debug] [2026-06-25T18:27:03.400Z] >>> [apiv2][(partial)header] POST https://cloudresourcemanager.googleapis.com/v1/projects/chrono-vision-8cc8a:testIamPermissions  x-goog-user-project=chrono-vision-8cc8a
[debug] [2026-06-25T18:27:03.400Z] >>> [apiv2][body] POST https://cloudresourcemanager.googleapis.com/v1/projects/chrono-vision-8cc8a:testIamPermissions {"permissions":["cloudfunctions.functions.create","cloudfunctions.functions.delete","cloudfunctions.functions.get","cloudfunctions.functions.list","cloudfunctions.functions.update","cloudfunctions.operations.get","firebase.projects.get"]}
[debug] [2026-06-25T18:27:04.378Z] <<< [apiv2][status] POST https://cloudresourcemanager.googleapis.com/v1/projects/chrono-vision-8cc8a:testIamPermissions 200
[debug] [2026-06-25T18:27:04.378Z] <<< [apiv2][body] POST https://cloudresourcemanager.googleapis.com/v1/projects/chrono-vision-8cc8a:testIamPermissions {"permissions":["cloudfunctions.functions.create","cloudfunctions.functions.delete","cloudfunctions.functions.get","cloudfunctions.functions.list","cloudfunctions.functions.update","cloudfunctions.operations.get","firebase.projects.get"]}
[debug] [2026-06-25T18:27:04.379Z] Checked if tokens are valid: true, expires at: 1782415190782
[debug] [2026-06-25T18:27:04.379Z] Checked if tokens are valid: true, expires at: 1782415190782
[debug] [2026-06-25T18:27:04.379Z] >>> [apiv2][query] POST https://iam.googleapis.com/v1/projects/chrono-vision-8cc8a/serviceAccounts/chrono-vision-8cc8a@appspot.gserviceaccount.com:testIamPermissions [none]
[debug] [2026-06-25T18:27:04.379Z] >>> [apiv2][body] POST https://iam.googleapis.com/v1/projects/chrono-vision-8cc8a/serviceAccounts/chrono-vision-8cc8a@appspot.gserviceaccount.com:testIamPermissions {"permissions":["iam.serviceAccounts.actAs"]}
[debug] [2026-06-25T18:27:05.389Z] <<< [apiv2][status] POST https://iam.googleapis.com/v1/projects/chrono-vision-8cc8a/serviceAccounts/chrono-vision-8cc8a@appspot.gserviceaccount.com:testIamPermissions 200
[debug] [2026-06-25T18:27:05.389Z] <<< [apiv2][body] POST https://iam.googleapis.com/v1/projects/chrono-vision-8cc8a/serviceAccounts/chrono-vision-8cc8a@appspot.gserviceaccount.com:testIamPermissions {"permissions":["iam.serviceAccounts.actAs"]}
[info] 
[info] === Deploying to 'chrono-vision-8cc8a'...
[info] 
[info] i  deploying functions 
[debug] [2026-06-25T18:27:05.392Z] Checked if tokens are valid: true, expires at: 1782415190782
[debug] [2026-06-25T18:27:05.392Z] Checked if tokens are valid: true, expires at: 1782415190782
[debug] [2026-06-25T18:27:05.392Z] >>> [apiv2][query] GET https://cloudresourcemanager.googleapis.com/v1/projects/chrono-vision-8cc8a [none]
[debug] [2026-06-25T18:27:05.646Z] <<< [apiv2][status] GET https://cloudresourcemanager.googleapis.com/v1/projects/chrono-vision-8cc8a 200
[debug] [2026-06-25T18:27:05.646Z] <<< [apiv2][body] GET https://cloudresourcemanager.googleapis.com/v1/projects/chrono-vision-8cc8a {"projectNumber":"1043859115994","projectId":"chrono-vision-8cc8a","lifecycleState":"ACTIVE","name":"chrono-vision","labels":{"firebase":"enabled","firebase-core":"disabled"},"createTime":"2026-06-25T00:02:27.782Z"}
[info] i  functions: preparing codebase default for deployment 
[info] i  functions: ensuring required API cloudfunctions.googleapis.com is enabled... 
[info] i  functions: ensuring required API cloudbuild.googleapis.com is enabled... 
[info] i  artifactregistry: ensuring required API artifactregistry.googleapis.com is enabled... 
[debug] [2026-06-25T18:27:05.649Z] Checked if tokens are valid: true, expires at: 1782415190782
[debug] [2026-06-25T18:27:05.649Z] Checked if tokens are valid: true, expires at: 1782415190782
[debug] [2026-06-25T18:27:05.649Z] >>> [apiv2][query] GET https://firebase.googleapis.com/v1beta1/projects/chrono-vision-8cc8a/adminSdkConfig [none]
[debug] [2026-06-25T18:27:06.156Z] <<< [apiv2][status] GET https://firebase.googleapis.com/v1beta1/projects/chrono-vision-8cc8a/adminSdkConfig 200
[debug] [2026-06-25T18:27:06.157Z] <<< [apiv2][body] GET https://firebase.googleapis.com/v1beta1/projects/chrono-vision-8cc8a/adminSdkConfig {"projectId":"chrono-vision-8cc8a","storageBucket":"chrono-vision-8cc8a.firebasestorage.app"}
[debug] [2026-06-25T18:27:06.157Z] Checked if tokens are valid: true, expires at: 1782415190782
[debug] [2026-06-25T18:27:06.157Z] Checked if tokens are valid: true, expires at: 1782415190782
[debug] [2026-06-25T18:27:06.157Z] >>> [apiv2][query] GET https://runtimeconfig.googleapis.com/v1beta1/projects/chrono-vision-8cc8a/configs [none]
[debug] [2026-06-25T18:27:07.233Z] <<< [apiv2][status] GET https://runtimeconfig.googleapis.com/v1beta1/projects/chrono-vision-8cc8a/configs 200
[debug] [2026-06-25T18:27:07.233Z] <<< [apiv2][body] GET https://runtimeconfig.googleapis.com/v1beta1/projects/chrono-vision-8cc8a/configs {}
[debug] [2026-06-25T18:27:07.234Z] Validating nodejs source
[warn] !  functions: Runtime Node.js 20 was deprecated on 2026-04-30 and will be decommissioned on 2026-10-30, after which you will not be able to deploy without upgrading. Consider upgrading now to avoid disruption. See https://cloud.google.com/functions/docs/runtime-support for full details on the lifecycle policy 
[warn] !  functions: package.json indicates an outdated version of firebase-functions. Please upgrade using npm install --save firebase-functions@latest in your functions directory. 
[warn] !  functions: Please note that there will be breaking changes when you upgrade. 
[debug] [2026-06-25T18:27:08.164Z] > [functions] package.json contents: {
  "name": "chrono-vision-functions",
  "description": "Cloud Functions para Chrono-Vision: orquesta el modelo de ML y Firestore",
  "engines": {
    "node": "20"
  },
  "main": "index.js",
  "dependencies": {
    "@tensorflow/tfjs": "^4.22.0",
    "firebase-admin": "^12.0.0",
    "firebase-functions": "^5.0.0",
    "node-fetch": "^2.7.0"
  },
  "private": true
}
[debug] [2026-06-25T18:27:08.164Z] Building nodejs source
[info] i  functions: Loading and analyzing source code for codebase default to determine what to deploy 
[debug] [2026-06-25T18:27:08.165Z] Could not find functions.yaml. Must use http discovery
[debug] [2026-06-25T18:27:08.172Z] Found firebase-functions binary at 'C:\Users\Joaquin\OneDrive\Escritorio\chrono-vision\functions\node_modules\.bin\firebase-functions'
[info] Serving at port 8999

[info] ✓ Cloud Functions deployadas

[debug] [2026-06-25T18:27:08.731Z] Got response from /__/functions.yaml {"endpoints":{"processImage":{"platform":"gcfv1","availableMemoryMb":null,"timeoutSeconds":null,"minInstances":null,"maxInstances":null,"ingressSettings":null,"serviceAccountEmail":null,"vpc":null,"httpsTrigger":{},"entryPoint":"processImage"},"getUserScans":{"platform":"gcfv1","labels":{},"availableMemoryMb":null,"timeoutSeconds":null,"minInstances":null,"maxInstances":null,"ingressSettings":null,"serviceAccountEmail":null,"vpc":null,"callableTrigger":{},"entryPoint":"getUserScans"}},"specVersion":"v1alpha1","requiredAPIs":[],"extensions":{}}
[debug] [2026-06-25T18:27:12.761Z] Checked if tokens are valid: true, expires at: 1782415190782
[debug] [2026-06-25T18:27:12.761Z] Checked if tokens are valid: true, expires at: 1782415190782
[debug] [2026-06-25T18:27:12.761Z] >>> [apiv2][query] GET https://cloudfunctions.googleapis.com/v1/projects/chrono-vision-8cc8a/locations/-/functions [none]
[debug] [2026-06-25T18:27:13.748Z] <<< [apiv2][status] GET https://cloudfunctions.googleapis.com/v1/projects/chrono-vision-8cc8a/locations/-/functions 200
[debug] [2026-06-25T18:27:13.748Z] <<< [apiv2][body] GET https://cloudfunctions.googleapis.com/v1/projects/chrono-vision-8cc8a/locations/-/functions {}
[debug] [2026-06-25T18:27:13.748Z] Checked if tokens are valid: true, expires at: 1782415190782
[debug] [2026-06-25T18:27:13.748Z] Checked if tokens are valid: true, expires at: 1782415190782
[debug] [2026-06-25T18:27:13.749Z] >>> [apiv2][query] GET https://cloudfunctions.googleapis.com/v2/projects/chrono-vision-8cc8a/locations/-/functions filter=environment%3D%22GEN_2%22
[debug] [2026-06-25T18:27:14.973Z] <<< [apiv2][status] GET https://cloudfunctions.googleapis.com/v2/projects/chrono-vision-8cc8a/locations/-/functions 200
[debug] [2026-06-25T18:27:14.974Z] <<< [apiv2][body] GET https://cloudfunctions.googleapis.com/v2/projects/chrono-vision-8cc8a/locations/-/functions {}
[info] i  extensions: ensuring required API firebaseextensions.googleapis.com is enabled... 
[debug] [2026-06-25T18:27:14.975Z] > command requires scopes: ["email","openid","https://www.googleapis.com/auth/cloudplatformprojects.readonly","https://www.googleapis.com/auth/firebase","https://www.googleapis.com/auth/cloud-platform"]
[debug] [2026-06-25T18:27:14.975Z] > authorizing via signed-in user (jojechta@gmail.com)
[debug] [2026-06-25T18:27:14.975Z] [iam] checking project chrono-vision-8cc8a for permissions ["firebase.projects.get","firebaseextensions.instances.list"]
[debug] [2026-06-25T18:27:14.975Z] Checked if tokens are valid: true, expires at: 1782415190782
[debug] [2026-06-25T18:27:14.975Z] Checked if tokens are valid: true, expires at: 1782415190782
[debug] [2026-06-25T18:27:14.976Z] >>> [apiv2][query] POST https://cloudresourcemanager.googleapis.com/v1/projects/chrono-vision-8cc8a:testIamPermissions [none]
[debug] [2026-06-25T18:27:14.976Z] >>> [apiv2][(partial)header] POST https://cloudresourcemanager.googleapis.com/v1/projects/chrono-vision-8cc8a:testIamPermissions  x-goog-user-project=chrono-vision-8cc8a
[debug] [2026-06-25T18:27:14.976Z] >>> [apiv2][body] POST https://cloudresourcemanager.googleapis.com/v1/projects/chrono-vision-8cc8a:testIamPermissions {"permissions":["firebase.projects.get","firebaseextensions.instances.list"]}
[debug] [2026-06-25T18:27:15.913Z] <<< [apiv2][status] POST https://cloudresourcemanager.googleapis.com/v1/projects/chrono-vision-8cc8a:testIamPermissions 200
[debug] [2026-06-25T18:27:15.914Z] <<< [apiv2][body] POST https://cloudresourcemanager.googleapis.com/v1/projects/chrono-vision-8cc8a:testIamPermissions {"permissions":["firebase.projects.get","firebaseextensions.instances.list"]}
[debug] [2026-06-25T18:27:15.914Z] Checked if tokens are valid: true, expires at: 1782415190782
[debug] [2026-06-25T18:27:15.914Z] Checked if tokens are valid: true, expires at: 1782415190782
[debug] [2026-06-25T18:27:15.914Z] >>> [apiv2][query] GET https://firebaseextensions.googleapis.com/v1beta/projects/chrono-vision-8cc8a/instances pageSize=100&pageToken=
[debug] [2026-06-25T18:27:17.085Z] <<< [apiv2][status] GET https://firebaseextensions.googleapis.com/v1beta/projects/chrono-vision-8cc8a/instances 200
[debug] [2026-06-25T18:27:17.085Z] <<< [apiv2][body] GET https://firebaseextensions.googleapis.com/v1beta/projects/chrono-vision-8cc8a/instances {}
[info] i  functions: preparing functions directory for uploading... 
[info] i  functions: packaged C:\Users\Joaquin\OneDrive\Escritorio\chrono-vision\functions (39.5 KB) for uploading 
[debug] [2026-06-25T18:27:17.114Z] Checked if tokens are valid: true, expires at: 1782415190782
[debug] [2026-06-25T18:27:17.114Z] Checked if tokens are valid: true, expires at: 1782415190782
[debug] [2026-06-25T18:27:17.115Z] >>> [apiv2][query] GET https://cloudresourcemanager.googleapis.com/v1/projects/chrono-vision-8cc8a [none]
[debug] [2026-06-25T18:27:17.361Z] <<< [apiv2][status] GET https://cloudresourcemanager.googleapis.com/v1/projects/chrono-vision-8cc8a 200
[debug] [2026-06-25T18:27:17.362Z] <<< [apiv2][body] GET https://cloudresourcemanager.googleapis.com/v1/projects/chrono-vision-8cc8a {"projectNumber":"1043859115994","projectId":"chrono-vision-8cc8a","lifecycleState":"ACTIVE","name":"chrono-vision","labels":{"firebase":"enabled","firebase-core":"disabled"},"createTime":"2026-06-25T00:02:27.782Z"}
[debug] [2026-06-25T18:27:17.363Z] Checked if tokens are valid: true, expires at: 1782415190782
[debug] [2026-06-25T18:27:17.363Z] Checked if tokens are valid: true, expires at: 1782415190782
[debug] [2026-06-25T18:27:17.363Z] >>> [apiv2][query] GET https://cloudbilling.googleapis.com/v1/projects/chrono-vision-8cc8a/billingInfo [none]
[debug] [2026-06-25T18:27:17.364Z] >>> [apiv2][(partial)header] GET https://cloudbilling.googleapis.com/v1/projects/chrono-vision-8cc8a/billingInfo  x-goog-user-project=chrono-vision-8cc8a
[debug] [2026-06-25T18:27:18.588Z] <<< [apiv2][status] GET https://cloudbilling.googleapis.com/v1/projects/chrono-vision-8cc8a/billingInfo 200
[debug] [2026-06-25T18:27:18.588Z] <<< [apiv2][body] GET https://cloudbilling.googleapis.com/v1/projects/chrono-vision-8cc8a/billingInfo {"name":"projects/chrono-vision-8cc8a/billingInfo","projectId":"chrono-vision-8cc8a","billingAccountName":"billingAccounts/01C508-00DCE6-F9AD62","billingEnabled":true}
[debug] [2026-06-25T18:27:18.589Z] [functions] found 1 new HTTP functions, testing setIamPolicy permission...
[debug] [2026-06-25T18:27:18.589Z] Checked if tokens are valid: true, expires at: 1782415190782
[debug] [2026-06-25T18:27:18.589Z] Checked if tokens are valid: true, expires at: 1782415190782
[debug] [2026-06-25T18:27:18.590Z] >>> [apiv2][query] POST https://cloudresourcemanager.googleapis.com/v1/projects/chrono-vision-8cc8a:testIamPermissions [none]
[debug] [2026-06-25T18:27:18.590Z] >>> [apiv2][(partial)header] POST https://cloudresourcemanager.googleapis.com/v1/projects/chrono-vision-8cc8a:testIamPermissions  x-goog-user-project=chrono-vision-8cc8a
[debug] [2026-06-25T18:27:18.590Z] >>> [apiv2][body] POST https://cloudresourcemanager.googleapis.com/v1/projects/chrono-vision-8cc8a:testIamPermissions {"permissions":["cloudfunctions.functions.setIamPolicy"]}
[debug] [2026-06-25T18:27:18.805Z] <<< [apiv2][status] POST https://cloudresourcemanager.googleapis.com/v1/projects/chrono-vision-8cc8a:testIamPermissions 200
[debug] [2026-06-25T18:27:18.805Z] <<< [apiv2][body] POST https://cloudresourcemanager.googleapis.com/v1/projects/chrono-vision-8cc8a:testIamPermissions {"permissions":["cloudfunctions.functions.setIamPolicy"]}
[debug] [2026-06-25T18:27:18.805Z] [functions] found setIamPolicy permission, proceeding with deploy
[debug] [2026-06-25T18:27:18.806Z] Checked if tokens are valid: true, expires at: 1782415190782
[debug] [2026-06-25T18:27:18.806Z] Checked if tokens are valid: true, expires at: 1782415190782
[debug] [2026-06-25T18:27:18.806Z] >>> [apiv2][query] POST https://cloudfunctions.googleapis.com/v1/projects/chrono-vision-8cc8a/locations/us-central1/functions:generateUploadUrl [none]
[debug] [2026-06-25T18:27:18.806Z] >>> [apiv2][body] POST https://cloudfunctions.googleapis.com/v1/projects/chrono-vision-8cc8a/locations/us-central1/functions:generateUploadUrl {}
[debug] [2026-06-25T18:27:19.750Z] <<< [apiv2][status] POST https://cloudfunctions.googleapis.com/v1/projects/chrono-vision-8cc8a/locations/us-central1/functions:generateUploadUrl 200
[debug] [2026-06-25T18:27:19.750Z] <<< [apiv2][body] POST https://cloudfunctions.googleapis.com/v1/projects/chrono-vision-8cc8a/locations/us-central1/functions:generateUploadUrl {"uploadUrl":"https://storage.googleapis.com/uploads-278558036241.us-central1.cloudfunctions.appspot.com/96dce656-703a-4235-88be-63509cc59c41.zip?GoogleAccessId=service-1043859115994@gcf-admin-robot.iam.gserviceaccount.com&Expires=1782413837&Signature=JR%2B37LohhIW%2BOJHnHEHJRrT4Vp3YbiXJgydluZn9RbEotAd4q%2FbYbgb%2Focw0hdsKjjqO5bRjdubdGwSc7%2FUsfX3jZ1JbZOEx0Tr0yaFek1YW7ocheluZ%2Fx6%2BzNO%2FZGw5aPhHKZrmH35rZxWUlKssg9yf4AVlHcd%2BAm8bcyqVbF%2ByjeAEKy3GtLpzCaakES9DVcSmMQmTjnPPgU9L5GbWD8CQ4ixZfkLQ1qrZlweOQ1gY%2BFAOOz5QeXkU%2FEkJ4cH9dZLmT4%2B3oyyTvI8WJ2DeBGQlswpY1WUZdmFEIhTDT2i0fj8onJ57MXJ1xgXUw0Cfe8JWIYveorbDam9IP8acMQ%3D%3D"}
[debug] [2026-06-25T18:27:19.751Z] >>> [apiv2][query] PUT https://storage.googleapis.com/uploads-278558036241.us-central1.cloudfunctions.appspot.com/96dce656-703a-4235-88be-63509cc59c41.zip GoogleAccessId=service-1043859115994%40gcf-admin-robot.iam.gserviceaccount.com&Expires=1782413837&Signature=JR%2B37LohhIW%2BOJHnHEHJRrT4Vp3YbiXJgydluZn9RbEotAd4q%2FbYbgb%2Focw0hdsKjjqO5bRjdubdGwSc7%2FUsfX3jZ1JbZOEx0Tr0yaFek1YW7ocheluZ%2Fx6%2BzNO%2FZGw5aPhHKZrmH35rZxWUlKssg9yf4AVlHcd%2BAm8bcyqVbF%2ByjeAEKy3GtLpzCaakES9DVcSmMQmTjnPPgU9L5GbWD8CQ4ixZfkLQ1qrZlweOQ1gY%2BFAOOz5QeXkU%2FEkJ4cH9dZLmT4%2B3oyyTvI8WJ2DeBGQlswpY1WUZdmFEIhTDT2i0fj8onJ57MXJ1xgXUw0Cfe8JWIYveorbDam9IP8acMQ%3D%3D
[debug] [2026-06-25T18:27:19.751Z] >>> [apiv2][body] PUT https://storage.googleapis.com/uploads-278558036241.us-central1.cloudfunctions.appspot.com/96dce656-703a-4235-88be-63509cc59c41.zip [stream]
[debug] [2026-06-25T18:27:20.155Z] <<< [apiv2][status] PUT https://storage.googleapis.com/uploads-278558036241.us-central1.cloudfunctions.appspot.com/96dce656-703a-4235-88be-63509cc59c41.zip 200
[debug] [2026-06-25T18:27:20.156Z] <<< [apiv2][body] PUT https://storage.googleapis.com/uploads-278558036241.us-central1.cloudfunctions.appspot.com/96dce656-703a-4235-88be-63509cc59c41.zip [omitted]
[info] +  functions: functions source uploaded successfully 
[info] i  functions: creating Node.js 20 (1st Gen) function processImage(us-central1)... 
[info] i  functions: creating Node.js 20 (1st Gen) function getUserScans(us-central1)... 
[debug] [2026-06-25T18:27:20.159Z] Checked if tokens are valid: true, expires at: 1782415190782
[debug] [2026-06-25T18:27:20.159Z] Checked if tokens are valid: true, expires at: 1782415190782
[debug] [2026-06-25T18:27:20.159Z] >>> [apiv2][query] POST https://cloudfunctions.googleapis.com/v1/projects/chrono-vision-8cc8a/locations/us-central1/functions [none]
[debug] [2026-06-25T18:27:20.159Z] >>> [apiv2][body] POST https://cloudfunctions.googleapis.com/v1/projects/chrono-vision-8cc8a/locations/us-central1/functions {"name":"projects/chrono-vision-8cc8a/locations/us-central1/functions/processImage","sourceUploadUrl":"https://storage.googleapis.com/uploads-278558036241.us-central1.cloudfunctions.appspot.com/96dce656-703a-4235-88be-63509cc59c41.zip?GoogleAccessId=service-1043859115994@gcf-admin-robot.iam.gserviceaccount.com&Expires=1782413837&Signature=JR%2B37LohhIW%2BOJHnHEHJRrT4Vp3YbiXJgydluZn9RbEotAd4q%2FbYbgb%2Focw0hdsKjjqO5bRjdubdGwSc7%2FUsfX3jZ1JbZOEx0Tr0yaFek1YW7ocheluZ%2Fx6%2BzNO%2FZGw5aPhHKZrmH35rZxWUlKssg9yf4AVlHcd%2BAm8bcyqVbF%2ByjeAEKy3GtLpzCaakES9DVcSmMQmTjnPPgU9L5GbWD8CQ4ixZfkLQ1qrZlweOQ1gY%2BFAOOz5QeXkU%2FEkJ4cH9dZLmT4%2B3oyyTvI8WJ2DeBGQlswpY1WUZdmFEIhTDT2i0fj8onJ57MXJ1xgXUw0Cfe8JWIYveorbDam9IP8acMQ%3D%3D","entryPoint":"processImage","runtime":"nodejs20","dockerRegistry":"ARTIFACT_REGISTRY","labels":{"deployment-tool":"cli-firebase","firebase-functions-hash":"0e5c28946b3f28a9e1ebdddad4c970f830162175"},"httpsTrigger":{"securityLevel":"SECURE_ALWAYS"},"minInstances":null,"maxInstances":null,"ingressSettings":null,"environmentVariables":{"FIREBASE_CONFIG":"{\"projectId\":\"chrono-vision-8cc8a\",\"storageBucket\":\"chrono-vision-8cc8a.firebasestorage.app\"}","GCLOUD_PROJECT":"chrono-vision-8cc8a","EVENTARC_CLOUD_EVENT_SOURCE":"projects/chrono-vision-8cc8a/locations/us-central1/functions/processImage"},"serviceAccountEmail":null,"availableMemoryMb":null,"timeout":null,"vpcConnector":null,"vpcConnectorEgressSettings":null,"buildEnvironmentVariables":{"GOOGLE_NODE_RUN_SCRIPTS":""}}
[debug] [2026-06-25T18:27:22.948Z] <<< [apiv2][status] POST https://cloudfunctions.googleapis.com/v1/projects/chrono-vision-8cc8a/locations/us-central1/functions 200
[debug] [2026-06-25T18:27:22.948Z] <<< [apiv2][body] POST https://cloudfunctions.googleapis.com/v1/projects/chrono-vision-8cc8a/locations/us-central1/functions {"name":"operations/cHJvamVjdHMvY2hyb25vLXZpc2lvbi04Y2M4YS9sb2NhdGlvbnMvdXMtY2VudHJhbDEvb3BlcmF0aW9ucy9vcGVyYXRpb24tMTc4MjQxMjAzODU2MS02NTUxODI0NjZkZjk2LTY0ZjhhODJjLTc0MjgyMDRi","metadata":{"@type":"type.googleapis.com/google.cloud.functions.v1.OperationMetadataV1","target":"projects/chrono-vision-8cc8a/locations/us-central1/functions/processImage","updateTime":"2026-06-25T18:27:20.671581300Z"}}
[debug] [2026-06-25T18:27:22.948Z] Checked if tokens are valid: true, expires at: 1782415190782
[debug] [2026-06-25T18:27:22.948Z] Checked if tokens are valid: true, expires at: 1782415190782
[debug] [2026-06-25T18:27:22.949Z] >>> [apiv2][query] GET https://cloudfunctions.googleapis.com/v1/operations/cHJvamVjdHMvY2hyb25vLXZpc2lvbi04Y2M4YS9sb2NhdGlvbnMvdXMtY2VudHJhbDEvb3BlcmF0aW9ucy9vcGVyYXRpb24tMTc4MjQxMjAzODU2MS02NTUxODI0NjZkZjk2LTY0ZjhhODJjLTc0MjgyMDRi [none]
[debug] [2026-06-25T18:27:23.539Z] <<< [apiv2][status] GET https://cloudfunctions.googleapis.com/v1/operations/cHJvamVjdHMvY2hyb25vLXZpc2lvbi04Y2M4YS9sb2NhdGlvbnMvdXMtY2VudHJhbDEvb3BlcmF0aW9ucy9vcGVyYXRpb24tMTc4MjQxMjAzODU2MS02NTUxODI0NjZkZjk2LTY0ZjhhODJjLTc0MjgyMDRi 200
[debug] [2026-06-25T18:27:23.539Z] <<< [apiv2][body] GET https://cloudfunctions.googleapis.com/v1/operations/cHJvamVjdHMvY2hyb25vLXZpc2lvbi04Y2M4YS9sb2NhdGlvbnMvdXMtY2VudHJhbDEvb3BlcmF0aW9ucy9vcGVyYXRpb24tMTc4MjQxMjAzODU2MS02NTUxODI0NjZkZjk2LTY0ZjhhODJjLTc0MjgyMDRi {"name":"operations/cHJvamVjdHMvY2hyb25vLXZpc2lvbi04Y2M4YS9sb2NhdGlvbnMvdXMtY2VudHJhbDEvb3BlcmF0aW9ucy9vcGVyYXRpb24tMTc4MjQxMjAzODU2MS02NTUxODI0NjZkZjk2LTY0ZjhhODJjLTc0MjgyMDRi","metadata":{"@type":"type.googleapis.com/google.cloud.functions.v1.OperationMetadataV1","target":"projects/chrono-vision-8cc8a/locations/us-central1/functions/processImage","updateTime":"2026-06-25T18:27:20.671581300Z"}}
[debug] [2026-06-25T18:27:24.045Z] [create-default-us-central1-processImage] Retrying task index 0
[debug] [2026-06-25T18:27:24.045Z] Checked if tokens are valid: true, expires at: 1782415190782
[debug] [2026-06-25T18:27:24.046Z] Checked if tokens are valid: true, expires at: 1782415190782
[debug] [2026-06-25T18:27:24.046Z] >>> [apiv2][query] GET https://cloudfunctions.googleapis.com/v1/operations/cHJvamVjdHMvY2hyb25vLXZpc2lvbi04Y2M4YS9sb2NhdGlvbnMvdXMtY2VudHJhbDEvb3BlcmF0aW9ucy9vcGVyYXRpb24tMTc4MjQxMjAzODU2MS02NTUxODI0NjZkZjk2LTY0ZjhhODJjLTc0MjgyMDRi [none]
[debug] [2026-06-25T18:27:24.469Z] <<< [apiv2][status] GET https://cloudfunctions.googleapis.com/v1/operations/cHJvamVjdHMvY2hyb25vLXZpc2lvbi04Y2M4YS9sb2NhdGlvbnMvdXMtY2VudHJhbDEvb3BlcmF0aW9ucy9vcGVyYXRpb24tMTc4MjQxMjAzODU2MS02NTUxODI0NjZkZjk2LTY0ZjhhODJjLTc0MjgyMDRi 200
[debug] [2026-06-25T18:27:24.469Z] <<< [apiv2][body] GET https://cloudfunctions.googleapis.com/v1/operations/cHJvamVjdHMvY2hyb25vLXZpc2lvbi04Y2M4YS9sb2NhdGlvbnMvdXMtY2VudHJhbDEvb3BlcmF0aW9ucy9vcGVyYXRpb24tMTc4MjQxMjAzODU2MS02NTUxODI0NjZkZjk2LTY0ZjhhODJjLTc0MjgyMDRi {"name":"operations/cHJvamVjdHMvY2hyb25vLXZpc2lvbi04Y2M4YS9sb2NhdGlvbnMvdXMtY2VudHJhbDEvb3BlcmF0aW9ucy9vcGVyYXRpb24tMTc4MjQxMjAzODU2MS02NTUxODI0NjZkZjk2LTY0ZjhhODJjLTc0MjgyMDRi","metadata":{"@type":"type.googleapis.com/google.cloud.functions.v1.OperationMetadataV1","target":"projects/chrono-vision-8cc8a/locations/us-central1/functions/processImage","type":"CREATE_FUNCTION","request":{"@type":"type.googleapis.com/google.cloud.functions.v1.CloudFunction","name":"projects/chrono-vision-8cc8a/locations/us-central1/functions/processImage","httpsTrigger":{"securityLevel":"SECURE_ALWAYS"},"entryPoint":"processImage","updateTime":"1970-01-01T00:00:00Z","labels":{"deployment-tool":"cli-firebase","firebase-functions-hash":"0e5c28946b3f28a9e1ebdddad4c970f830162175"},"sourceUploadUrl":"https://storage.googleapis.com/uploads-278558036241.us-central1.cloudfunctions.appspot.com/96dce656-703a-4235-88be-63509cc59c41.zip?GoogleAccessId=service-1043859115994@gcf-admin-robot.iam.gserviceaccount.com&Expires=1782413837&Signature=JR%2B37LohhIW%2BOJHnHEHJRrT4Vp3YbiXJgydluZn9RbEotAd4q%2FbYbgb%2Focw0hdsKjjqO5bRjdubdGwSc7%2FUsfX3jZ1JbZOEx0Tr0yaFek1YW7ocheluZ%2Fx6%2BzNO%2FZGw5aPhHKZrmH35rZxWUlKssg9yf4AVlHcd%2BAm8bcyqVbF%2ByjeAEKy3GtLpzCaakES9DVcSmMQmTjnPPgU9L5GbWD8CQ4ixZfkLQ1qrZlweOQ1gY%2BFAOOz5QeXkU%2FEkJ4cH9dZLmT4%2B3oyyTvI8WJ2DeBGQlswpY1WUZdmFEIhTDT2i0fj8onJ57MXJ1xgXUw0Cfe8JWIYveorbDam9IP8acMQ%3D%3D","environmentVariables":{"FIREBASE_CONFIG":"{\"projectId\":\"chrono-vision-8cc8a\",\"storageBucket\":\"chrono-vision-8cc8a.firebasestorage.app\"}","GCLOUD_PROJECT":"chrono-vision-8cc8a","EVENTARC_CLOUD_EVENT_SOURCE":"projects/chrono-vision-8cc8a/locations/us-central1/functions/processImage"},"runtime":"nodejs20","buildEnvironmentVariables":{"GOOGLE_NODE_RUN_SCRIPTS":""},"dockerRegistry":"ARTIFACT_REGISTRY"},"versionId":"1","updateTime":"2026-06-25T18:27:20.671581300Z"}}
[debug] [2026-06-25T18:27:25.470Z] [create-default-us-central1-processImage] Retrying task index 0
[debug] [2026-06-25T18:27:25.470Z] Checked if tokens are valid: true, expires at: 1782415190782
[debug] [2026-06-25T18:27:25.471Z] Checked if tokens are valid: true, expires at: 1782415190782
[debug] [2026-06-25T18:27:25.471Z] >>> [apiv2][query] GET https://cloudfunctions.googleapis.com/v1/operations/cHJvamVjdHMvY2hyb25vLXZpc2lvbi04Y2M4YS9sb2NhdGlvbnMvdXMtY2VudHJhbDEvb3BlcmF0aW9ucy9vcGVyYXRpb24tMTc4MjQxMjAzODU2MS02NTUxODI0NjZkZjk2LTY0ZjhhODJjLTc0MjgyMDRi [none]
[debug] [2026-06-25T18:27:26.076Z] <<< [apiv2][status] GET https://cloudfunctions.googleapis.com/v1/operations/cHJvamVjdHMvY2hyb25vLXZpc2lvbi04Y2M4YS9sb2NhdGlvbnMvdXMtY2VudHJhbDEvb3BlcmF0aW9ucy9vcGVyYXRpb24tMTc4MjQxMjAzODU2MS02NTUxODI0NjZkZjk2LTY0ZjhhODJjLTc0MjgyMDRi 200
[debug] [2026-06-25T18:27:26.076Z] <<< [apiv2][body] GET https://cloudfunctions.googleapis.com/v1/operations/cHJvamVjdHMvY2hyb25vLXZpc2lvbi04Y2M4YS9sb2NhdGlvbnMvdXMtY2VudHJhbDEvb3BlcmF0aW9ucy9vcGVyYXRpb24tMTc4MjQxMjAzODU2MS02NTUxODI0NjZkZjk2LTY0ZjhhODJjLTc0MjgyMDRi {"name":"operations/cHJvamVjdHMvY2hyb25vLXZpc2lvbi04Y2M4YS9sb2NhdGlvbnMvdXMtY2VudHJhbDEvb3BlcmF0aW9ucy9vcGVyYXRpb24tMTc4MjQxMjAzODU2MS02NTUxODI0NjZkZjk2LTY0ZjhhODJjLTc0MjgyMDRi","metadata":{"@type":"type.googleapis.com/google.cloud.functions.v1.OperationMetadataV1","target":"projects/chrono-vision-8cc8a/locations/us-central1/functions/processImage","type":"CREATE_FUNCTION","request":{"@type":"type.googleapis.com/google.cloud.functions.v1.CloudFunction","name":"projects/chrono-vision-8cc8a/locations/us-central1/functions/processImage","httpsTrigger":{"securityLevel":"SECURE_ALWAYS"},"entryPoint":"processImage","updateTime":"1970-01-01T00:00:00Z","labels":{"deployment-tool":"cli-firebase","firebase-functions-hash":"0e5c28946b3f28a9e1ebdddad4c970f830162175"},"sourceUploadUrl":"https://storage.googleapis.com/uploads-278558036241.us-central1.cloudfunctions.appspot.com/96dce656-703a-4235-88be-63509cc59c41.zip?GoogleAccessId=service-1043859115994@gcf-admin-robot.iam.gserviceaccount.com&Expires=1782413837&Signature=JR%2B37LohhIW%2BOJHnHEHJRrT4Vp3YbiXJgydluZn9RbEotAd4q%2FbYbgb%2Focw0hdsKjjqO5bRjdubdGwSc7%2FUsfX3jZ1JbZOEx0Tr0yaFek1YW7ocheluZ%2Fx6%2BzNO%2FZGw5aPhHKZrmH35rZxWUlKssg9yf4AVlHcd%2BAm8bcyqVbF%2ByjeAEKy3GtLpzCaakES9DVcSmMQmTjnPPgU9L5GbWD8CQ4ixZfkLQ1qrZlweOQ1gY%2BFAOOz5QeXkU%2FEkJ4cH9dZLmT4%2B3oyyTvI8WJ2DeBGQlswpY1WUZdmFEIhTDT2i0fj8onJ57MXJ1xgXUw0Cfe8JWIYveorbDam9IP8acMQ%3D%3D","environmentVariables":{"FIREBASE_CONFIG":"{\"projectId\":\"chrono-vision-8cc8a\",\"storageBucket\":\"chrono-vision-8cc8a.firebasestorage.app\"}","GCLOUD_PROJECT":"chrono-vision-8cc8a","EVENTARC_CLOUD_EVENT_SOURCE":"projects/chrono-vision-8cc8a/locations/us-central1/functions/processImage"},"runtime":"nodejs20","buildEnvironmentVariables":{"GOOGLE_NODE_RUN_SCRIPTS":""},"dockerRegistry":"ARTIFACT_REGISTRY"},"versionId":"1","updateTime":"2026-06-25T18:27:20.671581300Z"}}
[debug] [2026-06-25T18:27:28.080Z] [create-default-us-central1-processImage] Retrying task index 0
[debug] [2026-06-25T18:27:28.080Z] Checked if tokens are valid: true, expires at: 1782415190782
[debug] [2026-06-25T18:27:28.080Z] Checked if tokens are valid: true, expires at: 1782415190782
[debug] [2026-06-25T18:27:28.080Z] >>> [apiv2][query] GET https://cloudfunctions.googleapis.com/v1/operations/cHJvamVjdHMvY2hyb25vLXZpc2lvbi04Y2M4YS9sb2NhdGlvbnMvdXMtY2VudHJhbDEvb3BlcmF0aW9ucy9vcGVyYXRpb24tMTc4MjQxMjAzODU2MS02NTUxODI0NjZkZjk2LTY0ZjhhODJjLTc0MjgyMDRi [none]
[debug] [2026-06-25T18:27:28.675Z] <<< [apiv2][status] GET https://cloudfunctions.googleapis.com/v1/operations/cHJvamVjdHMvY2hyb25vLXZpc2lvbi04Y2M4YS9sb2NhdGlvbnMvdXMtY2VudHJhbDEvb3BlcmF0aW9ucy9vcGVyYXRpb24tMTc4MjQxMjAzODU2MS02NTUxODI0NjZkZjk2LTY0ZjhhODJjLTc0MjgyMDRi 200
[debug] [2026-06-25T18:27:28.675Z] <<< [apiv2][body] GET https://cloudfunctions.googleapis.com/v1/operations/cHJvamVjdHMvY2hyb25vLXZpc2lvbi04Y2M4YS9sb2NhdGlvbnMvdXMtY2VudHJhbDEvb3BlcmF0aW9ucy9vcGVyYXRpb24tMTc4MjQxMjAzODU2MS02NTUxODI0NjZkZjk2LTY0ZjhhODJjLTc0MjgyMDRi {"name":"operations/cHJvamVjdHMvY2hyb25vLXZpc2lvbi04Y2M4YS9sb2NhdGlvbnMvdXMtY2VudHJhbDEvb3BlcmF0aW9ucy9vcGVyYXRpb24tMTc4MjQxMjAzODU2MS02NTUxODI0NjZkZjk2LTY0ZjhhODJjLTc0MjgyMDRi","metadata":{"@type":"type.googleapis.com/google.cloud.functions.v1.OperationMetadataV1","target":"projects/chrono-vision-8cc8a/locations/us-central1/functions/processImage","type":"CREATE_FUNCTION","request":{"@type":"type.googleapis.com/google.cloud.functions.v1.CloudFunction","name":"projects/chrono-vision-8cc8a/locations/us-central1/functions/processImage","httpsTrigger":{"securityLevel":"SECURE_ALWAYS"},"entryPoint":"processImage","updateTime":"1970-01-01T00:00:00Z","labels":{"deployment-tool":"cli-firebase","firebase-functions-hash":"0e5c28946b3f28a9e1ebdddad4c970f830162175"},"sourceUploadUrl":"https://storage.googleapis.com/uploads-278558036241.us-central1.cloudfunctions.appspot.com/96dce656-703a-4235-88be-63509cc59c41.zip?GoogleAccessId=service-1043859115994@gcf-admin-robot.iam.gserviceaccount.com&Expires=1782413837&Signature=JR%2B37LohhIW%2BOJHnHEHJRrT4Vp3YbiXJgydluZn9RbEotAd4q%2FbYbgb%2Focw0hdsKjjqO5bRjdubdGwSc7%2FUsfX3jZ1JbZOEx0Tr0yaFek1YW7ocheluZ%2Fx6%2BzNO%2FZGw5aPhHKZrmH35rZxWUlKssg9yf4AVlHcd%2BAm8bcyqVbF%2ByjeAEKy3GtLpzCaakES9DVcSmMQmTjnPPgU9L5GbWD8CQ4ixZfkLQ1qrZlweOQ1gY%2BFAOOz5QeXkU%2FEkJ4cH9dZLmT4%2B3oyyTvI8WJ2DeBGQlswpY1WUZdmFEIhTDT2i0fj8onJ57MXJ1xgXUw0Cfe8JWIYveorbDam9IP8acMQ%3D%3D","environmentVariables":{"FIREBASE_CONFIG":"{\"projectId\":\"chrono-vision-8cc8a\",\"storageBucket\":\"chrono-vision-8cc8a.firebasestorage.app\"}","GCLOUD_PROJECT":"chrono-vision-8cc8a","EVENTARC_CLOUD_EVENT_SOURCE":"projects/chrono-vision-8cc8a/locations/us-central1/functions/processImage"},"runtime":"nodejs20","buildEnvironmentVariables":{"GOOGLE_NODE_RUN_SCRIPTS":""},"dockerRegistry":"ARTIFACT_REGISTRY"},"versionId":"1","updateTime":"2026-06-25T18:27:20.671581300Z"}}
[debug] [2026-06-25T18:27:32.682Z] [create-default-us-central1-processImage] Retrying task index 0
[debug] [2026-06-25T18:27:32.683Z] Checked if tokens are valid: true, expires at: 1782415190782
[debug] [2026-06-25T18:27:32.683Z] Checked if tokens are valid: true, expires at: 1782415190782
[debug] [2026-06-25T18:27:32.683Z] >>> [apiv2][query] GET https://cloudfunctions.googleapis.com/v1/operations/cHJvamVjdHMvY2hyb25vLXZpc2lvbi04Y2M4YS9sb2NhdGlvbnMvdXMtY2VudHJhbDEvb3BlcmF0aW9ucy9vcGVyYXRpb24tMTc4MjQxMjAzODU2MS02NTUxODI0NjZkZjk2LTY0ZjhhODJjLTc0MjgyMDRi [none]
[debug] [2026-06-25T18:27:33.334Z] <<< [apiv2][status] GET https://cloudfunctions.googleapis.com/v1/operations/cHJvamVjdHMvY2hyb25vLXZpc2lvbi04Y2M4YS9sb2NhdGlvbnMvdXMtY2VudHJhbDEvb3BlcmF0aW9ucy9vcGVyYXRpb24tMTc4MjQxMjAzODU2MS02NTUxODI0NjZkZjk2LTY0ZjhhODJjLTc0MjgyMDRi 200
[debug] [2026-06-25T18:27:33.335Z] <<< [apiv2][body] GET https://cloudfunctions.googleapis.com/v1/operations/cHJvamVjdHMvY2hyb25vLXZpc2lvbi04Y2M4YS9sb2NhdGlvbnMvdXMtY2VudHJhbDEvb3BlcmF0aW9ucy9vcGVyYXRpb24tMTc4MjQxMjAzODU2MS02NTUxODI0NjZkZjk2LTY0ZjhhODJjLTc0MjgyMDRi {"name":"operations/cHJvamVjdHMvY2hyb25vLXZpc2lvbi04Y2M4YS9sb2NhdGlvbnMvdXMtY2VudHJhbDEvb3BlcmF0aW9ucy9vcGVyYXRpb24tMTc4MjQxMjAzODU2MS02NTUxODI0NjZkZjk2LTY0ZjhhODJjLTc0MjgyMDRi","metadata":{"@type":"type.googleapis.com/google.cloud.functions.v1.OperationMetadataV1","target":"projects/chrono-vision-8cc8a/locations/us-central1/functions/processImage","type":"CREATE_FUNCTION","request":{"@type":"type.googleapis.com/google.cloud.functions.v1.CloudFunction","name":"projects/chrono-vision-8cc8a/locations/us-central1/functions/processImage","httpsTrigger":{"securityLevel":"SECURE_ALWAYS"},"entryPoint":"processImage","updateTime":"1970-01-01T00:00:00Z","labels":{"deployment-tool":"cli-firebase","firebase-functions-hash":"0e5c28946b3f28a9e1ebdddad4c970f830162175"},"sourceUploadUrl":"https://storage.googleapis.com/uploads-278558036241.us-central1.cloudfunctions.appspot.com/96dce656-703a-4235-88be-63509cc59c41.zip?GoogleAccessId=service-1043859115994@gcf-admin-robot.iam.gserviceaccount.com&Expires=1782413837&Signature=JR%2B37LohhIW%2BOJHnHEHJRrT4Vp3YbiXJgydluZn9RbEotAd4q%2FbYbgb%2Focw0hdsKjjqO5bRjdubdGwSc7%2FUsfX3jZ1JbZOEx0Tr0yaFek1YW7ocheluZ%2Fx6%2BzNO%2FZGw5aPhHKZrmH35rZxWUlKssg9yf4AVlHcd%2BAm8bcyqVbF%2ByjeAEKy3GtLpzCaakES9DVcSmMQmTjnPPgU9L5GbWD8CQ4ixZfkLQ1qrZlweOQ1gY%2BFAOOz5QeXkU%2FEkJ4cH9dZLmT4%2B3oyyTvI8WJ2DeBGQlswpY1WUZdmFEIhTDT2i0fj8onJ57MXJ1xgXUw0Cfe8JWIYveorbDam9IP8acMQ%3D%3D","environmentVariables":{"FIREBASE_CONFIG":"{\"projectId\":\"chrono-vision-8cc8a\",\"storageBucket\":\"chrono-vision-8cc8a.firebasestorage.app\"}","GCLOUD_PROJECT":"chrono-vision-8cc8a","EVENTARC_CLOUD_EVENT_SOURCE":"projects/chrono-vision-8cc8a/locations/us-central1/functions/processImage"},"runtime":"nodejs20","buildEnvironmentVariables":{"GOOGLE_NODE_RUN_SCRIPTS":""},"dockerRegistry":"ARTIFACT_REGISTRY"},"versionId":"1","updateTime":"2026-06-25T18:27:20.671581300Z"}}
[debug] [2026-06-25T18:27:41.342Z] [create-default-us-central1-processImage] Retrying task index 0
[debug] [2026-06-25T18:27:41.342Z] Checked if tokens are valid: true, expires at: 1782415190782
[debug] [2026-06-25T18:27:41.342Z] Checked if tokens are valid: true, expires at: 1782415190782
[debug] [2026-06-25T18:27:41.342Z] >>> [apiv2][query] GET https://cloudfunctions.googleapis.com/v1/operations/cHJvamVjdHMvY2hyb25vLXZpc2lvbi04Y2M4YS9sb2NhdGlvbnMvdXMtY2VudHJhbDEvb3BlcmF0aW9ucy9vcGVyYXRpb24tMTc4MjQxMjAzODU2MS02NTUxODI0NjZkZjk2LTY0ZjhhODJjLTc0MjgyMDRi [none]
[debug] [2026-06-25T18:27:42.079Z] <<< [apiv2][status] GET https://cloudfunctions.googleapis.com/v1/operations/cHJvamVjdHMvY2hyb25vLXZpc2lvbi04Y2M4YS9sb2NhdGlvbnMvdXMtY2VudHJhbDEvb3BlcmF0aW9ucy9vcGVyYXRpb24tMTc4MjQxMjAzODU2MS02NTUxODI0NjZkZjk2LTY0ZjhhODJjLTc0MjgyMDRi 200
[debug] [2026-06-25T18:27:42.079Z] <<< [apiv2][body] GET https://cloudfunctions.googleapis.com/v1/operations/cHJvamVjdHMvY2hyb25vLXZpc2lvbi04Y2M4YS9sb2NhdGlvbnMvdXMtY2VudHJhbDEvb3BlcmF0aW9ucy9vcGVyYXRpb24tMTc4MjQxMjAzODU2MS02NTUxODI0NjZkZjk2LTY0ZjhhODJjLTc0MjgyMDRi {"name":"operations/cHJvamVjdHMvY2hyb25vLXZpc2lvbi04Y2M4YS9sb2NhdGlvbnMvdXMtY2VudHJhbDEvb3BlcmF0aW9ucy9vcGVyYXRpb24tMTc4MjQxMjAzODU2MS02NTUxODI0NjZkZjk2LTY0ZjhhODJjLTc0MjgyMDRi","metadata":{"@type":"type.googleapis.com/google.cloud.functions.v1.OperationMetadataV1","target":"projects/chrono-vision-8cc8a/locations/us-central1/functions/processImage","type":"CREATE_FUNCTION","request":{"@type":"type.googleapis.com/google.cloud.functions.v1.CloudFunction","name":"projects/chrono-vision-8cc8a/locations/us-central1/functions/processImage","httpsTrigger":{"securityLevel":"SECURE_ALWAYS"},"entryPoint":"processImage","updateTime":"1970-01-01T00:00:00Z","labels":{"deployment-tool":"cli-firebase","firebase-functions-hash":"0e5c28946b3f28a9e1ebdddad4c970f830162175"},"sourceUploadUrl":"https://storage.googleapis.com/uploads-278558036241.us-central1.cloudfunctions.appspot.com/96dce656-703a-4235-88be-63509cc59c41.zip?GoogleAccessId=service-1043859115994@gcf-admin-robot.iam.gserviceaccount.com&Expires=1782413837&Signature=JR%2B37LohhIW%2BOJHnHEHJRrT4Vp3YbiXJgydluZn9RbEotAd4q%2FbYbgb%2Focw0hdsKjjqO5bRjdubdGwSc7%2FUsfX3jZ1JbZOEx0Tr0yaFek1YW7ocheluZ%2Fx6%2BzNO%2FZGw5aPhHKZrmH35rZxWUlKssg9yf4AVlHcd%2BAm8bcyqVbF%2ByjeAEKy3GtLpzCaakES9DVcSmMQmTjnPPgU9L5GbWD8CQ4ixZfkLQ1qrZlweOQ1gY%2BFAOOz5QeXkU%2FEkJ4cH9dZLmT4%2B3oyyTvI8WJ2DeBGQlswpY1WUZdmFEIhTDT2i0fj8onJ57MXJ1xgXUw0Cfe8JWIYveorbDam9IP8acMQ%3D%3D","environmentVariables":{"FIREBASE_CONFIG":"{\"projectId\":\"chrono-vision-8cc8a\",\"storageBucket\":\"chrono-vision-8cc8a.firebasestorage.app\"}","GCLOUD_PROJECT":"chrono-vision-8cc8a","EVENTARC_CLOUD_EVENT_SOURCE":"projects/chrono-vision-8cc8a/locations/us-central1/functions/processImage"},"runtime":"nodejs20","buildEnvironmentVariables":{"GOOGLE_NODE_RUN_SCRIPTS":""},"dockerRegistry":"ARTIFACT_REGISTRY"},"versionId":"1","updateTime":"2026-06-25T18:27:20.671581300Z","buildId":"a3767d2e-1c6f-4b09-bb41-0319af4c6953","buildName":"projects/1043859115994/locations/us-central1/builds/a3767d2e-1c6f-4b09-bb41-0319af4c6953"}}
[debug] [2026-06-25T18:27:52.086Z] [create-default-us-central1-processImage] Retrying task index 0
[debug] [2026-06-25T18:27:52.086Z] Checked if tokens are valid: true, expires at: 1782415190782
[debug] [2026-06-25T18:27:52.086Z] Checked if tokens are valid: true, expires at: 1782415190782
[debug] [2026-06-25T18:27:52.086Z] >>> [apiv2][query] GET https://cloudfunctions.googleapis.com/v1/operations/cHJvamVjdHMvY2hyb25vLXZpc2lvbi04Y2M4YS9sb2NhdGlvbnMvdXMtY2VudHJhbDEvb3BlcmF0aW9ucy9vcGVyYXRpb24tMTc4MjQxMjAzODU2MS02NTUxODI0NjZkZjk2LTY0ZjhhODJjLTc0MjgyMDRi [none]
[debug] [2026-06-25T18:27:52.726Z] <<< [apiv2][status] GET https://cloudfunctions.googleapis.com/v1/operations/cHJvamVjdHMvY2hyb25vLXZpc2lvbi04Y2M4YS9sb2NhdGlvbnMvdXMtY2VudHJhbDEvb3BlcmF0aW9ucy9vcGVyYXRpb24tMTc4MjQxMjAzODU2MS02NTUxODI0NjZkZjk2LTY0ZjhhODJjLTc0MjgyMDRi 200
[debug] [2026-06-25T18:27:52.726Z] <<< [apiv2][body] GET https://cloudfunctions.googleapis.com/v1/operations/cHJvamVjdHMvY2hyb25vLXZpc2lvbi04Y2M4YS9sb2NhdGlvbnMvdXMtY2VudHJhbDEvb3BlcmF0aW9ucy9vcGVyYXRpb24tMTc4MjQxMjAzODU2MS02NTUxODI0NjZkZjk2LTY0ZjhhODJjLTc0MjgyMDRi {"name":"operations/cHJvamVjdHMvY2hyb25vLXZpc2lvbi04Y2M4YS9sb2NhdGlvbnMvdXMtY2VudHJhbDEvb3BlcmF0aW9ucy9vcGVyYXRpb24tMTc4MjQxMjAzODU2MS02NTUxODI0NjZkZjk2LTY0ZjhhODJjLTc0MjgyMDRi","metadata":{"@type":"type.googleapis.com/google.cloud.functions.v1.OperationMetadataV1","target":"projects/chrono-vision-8cc8a/locations/us-central1/functions/processImage","type":"CREATE_FUNCTION","request":{"@type":"type.googleapis.com/google.cloud.functions.v1.CloudFunction","name":"projects/chrono-vision-8cc8a/locations/us-central1/functions/processImage","httpsTrigger":{"securityLevel":"SECURE_ALWAYS"},"entryPoint":"processImage","updateTime":"1970-01-01T00:00:00Z","labels":{"deployment-tool":"cli-firebase","firebase-functions-hash":"0e5c28946b3f28a9e1ebdddad4c970f830162175"},"sourceUploadUrl":"https://storage.googleapis.com/uploads-278558036241.us-central1.cloudfunctions.appspot.com/96dce656-703a-4235-88be-63509cc59c41.zip?GoogleAccessId=service-1043859115994@gcf-admin-robot.iam.gserviceaccount.com&Expires=1782413837&Signature=JR%2B37LohhIW%2BOJHnHEHJRrT4Vp3YbiXJgydluZn9RbEotAd4q%2FbYbgb%2Focw0hdsKjjqO5bRjdubdGwSc7%2FUsfX3jZ1JbZOEx0Tr0yaFek1YW7ocheluZ%2Fx6%2BzNO%2FZGw5aPhHKZrmH35rZxWUlKssg9yf4AVlHcd%2BAm8bcyqVbF%2ByjeAEKy3GtLpzCaakES9DVcSmMQmTjnPPgU9L5GbWD8CQ4ixZfkLQ1qrZlweOQ1gY%2BFAOOz5QeXkU%2FEkJ4cH9dZLmT4%2B3oyyTvI8WJ2DeBGQlswpY1WUZdmFEIhTDT2i0fj8onJ57MXJ1xgXUw0Cfe8JWIYveorbDam9IP8acMQ%3D%3D","environmentVariables":{"FIREBASE_CONFIG":"{\"projectId\":\"chrono-vision-8cc8a\",\"storageBucket\":\"chrono-vision-8cc8a.firebasestorage.app\"}","GCLOUD_PROJECT":"chrono-vision-8cc8a","EVENTARC_CLOUD_EVENT_SOURCE":"projects/chrono-vision-8cc8a/locations/us-central1/functions/processImage"},"runtime":"nodejs20","buildEnvironmentVariables":{"GOOGLE_NODE_RUN_SCRIPTS":""},"dockerRegistry":"ARTIFACT_REGISTRY"},"versionId":"1","updateTime":"2026-06-25T18:27:20.671581300Z","buildId":"a3767d2e-1c6f-4b09-bb41-0319af4c6953","buildName":"projects/1043859115994/locations/us-central1/builds/a3767d2e-1c6f-4b09-bb41-0319af4c6953"}}
[debug] [2026-06-25T18:28:02.735Z] [create-default-us-central1-processImage] Retrying task index 0
[debug] [2026-06-25T18:28:02.736Z] Checked if tokens are valid: true, expires at: 1782415190782
[debug] [2026-06-25T18:28:02.736Z] Checked if tokens are valid: true, expires at: 1782415190782
[debug] [2026-06-25T18:28:02.736Z] >>> [apiv2][query] GET https://cloudfunctions.googleapis.com/v1/operations/cHJvamVjdHMvY2hyb25vLXZpc2lvbi04Y2M4YS9sb2NhdGlvbnMvdXMtY2VudHJhbDEvb3BlcmF0aW9ucy9vcGVyYXRpb24tMTc4MjQxMjAzODU2MS02NTUxODI0NjZkZjk2LTY0ZjhhODJjLTc0MjgyMDRi [none]
[debug] [2026-06-25T18:28:03.130Z] <<< [apiv2][status] GET https://cloudfunctions.googleapis.com/v1/operations/cHJvamVjdHMvY2hyb25vLXZpc2lvbi04Y2M4YS9sb2NhdGlvbnMvdXMtY2VudHJhbDEvb3BlcmF0aW9ucy9vcGVyYXRpb24tMTc4MjQxMjAzODU2MS02NTUxODI0NjZkZjk2LTY0ZjhhODJjLTc0MjgyMDRi 200
[debug] [2026-06-25T18:28:03.130Z] <<< [apiv2][body] GET https://cloudfunctions.googleapis.com/v1/operations/cHJvamVjdHMvY2hyb25vLXZpc2lvbi04Y2M4YS9sb2NhdGlvbnMvdXMtY2VudHJhbDEvb3BlcmF0aW9ucy9vcGVyYXRpb24tMTc4MjQxMjAzODU2MS02NTUxODI0NjZkZjk2LTY0ZjhhODJjLTc0MjgyMDRi {"name":"operations/cHJvamVjdHMvY2hyb25vLXZpc2lvbi04Y2M4YS9sb2NhdGlvbnMvdXMtY2VudHJhbDEvb3BlcmF0aW9ucy9vcGVyYXRpb24tMTc4MjQxMjAzODU2MS02NTUxODI0NjZkZjk2LTY0ZjhhODJjLTc0MjgyMDRi","metadata":{"@type":"type.googleapis.com/google.cloud.functions.v1.OperationMetadataV1","target":"projects/chrono-vision-8cc8a/locations/us-central1/functions/processImage","type":"CREATE_FUNCTION","request":{"@type":"type.googleapis.com/google.cloud.functions.v1.CloudFunction","name":"projects/chrono-vision-8cc8a/locations/us-central1/functions/processImage","httpsTrigger":{"securityLevel":"SECURE_ALWAYS"},"entryPoint":"processImage","updateTime":"1970-01-01T00:00:00Z","labels":{"deployment-tool":"cli-firebase","firebase-functions-hash":"0e5c28946b3f28a9e1ebdddad4c970f830162175"},"sourceUploadUrl":"https://storage.googleapis.com/uploads-278558036241.us-central1.cloudfunctions.appspot.com/96dce656-703a-4235-88be-63509cc59c41.zip?GoogleAccessId=service-1043859115994@gcf-admin-robot.iam.gserviceaccount.com&Expires=1782413837&Signature=JR%2B37LohhIW%2BOJHnHEHJRrT4Vp3YbiXJgydluZn9RbEotAd4q%2FbYbgb%2Focw0hdsKjjqO5bRjdubdGwSc7%2FUsfX3jZ1JbZOEx0Tr0yaFek1YW7ocheluZ%2Fx6%2BzNO%2FZGw5aPhHKZrmH35rZxWUlKssg9yf4AVlHcd%2BAm8bcyqVbF%2ByjeAEKy3GtLpzCaakES9DVcSmMQmTjnPPgU9L5GbWD8CQ4ixZfkLQ1qrZlweOQ1gY%2BFAOOz5QeXkU%2FEkJ4cH9dZLmT4%2B3oyyTvI8WJ2DeBGQlswpY1WUZdmFEIhTDT2i0fj8onJ57MXJ1xgXUw0Cfe8JWIYveorbDam9IP8acMQ%3D%3D","environmentVariables":{"FIREBASE_CONFIG":"{\"projectId\":\"chrono-vision-8cc8a\",\"storageBucket\":\"chrono-vision-8cc8a.firebasestorage.app\"}","GCLOUD_PROJECT":"chrono-vision-8cc8a","EVENTARC_CLOUD_EVENT_SOURCE":"projects/chrono-vision-8cc8a/locations/us-central1/functions/processImage"},"runtime":"nodejs20","buildEnvironmentVariables":{"GOOGLE_NODE_RUN_SCRIPTS":""},"dockerRegistry":"ARTIFACT_REGISTRY"},"versionId":"1","updateTime":"2026-06-25T18:27:20.671581300Z","buildId":"a3767d2e-1c6f-4b09-bb41-0319af4c6953","buildName":"projects/1043859115994/locations/us-central1/builds/a3767d2e-1c6f-4b09-bb41-0319af4c6953"}}
[debug] [2026-06-25T18:28:13.131Z] [create-default-us-central1-processImage] Retrying task index 0
[debug] [2026-06-25T18:28:13.131Z] Checked if tokens are valid: true, expires at: 1782415190782
[debug] [2026-06-25T18:28:13.131Z] Checked if tokens are valid: true, expires at: 1782415190782
[debug] [2026-06-25T18:28:13.132Z] >>> [apiv2][query] GET https://cloudfunctions.googleapis.com/v1/operations/cHJvamVjdHMvY2hyb25vLXZpc2lvbi04Y2M4YS9sb2NhdGlvbnMvdXMtY2VudHJhbDEvb3BlcmF0aW9ucy9vcGVyYXRpb24tMTc4MjQxMjAzODU2MS02NTUxODI0NjZkZjk2LTY0ZjhhODJjLTc0MjgyMDRi [none]
[debug] [2026-06-25T18:28:13.488Z] <<< [apiv2][status] GET https://cloudfunctions.googleapis.com/v1/operations/cHJvamVjdHMvY2hyb25vLXZpc2lvbi04Y2M4YS9sb2NhdGlvbnMvdXMtY2VudHJhbDEvb3BlcmF0aW9ucy9vcGVyYXRpb24tMTc4MjQxMjAzODU2MS02NTUxODI0NjZkZjk2LTY0ZjhhODJjLTc0MjgyMDRi 200
[debug] [2026-06-25T18:28:13.488Z] <<< [apiv2][body] GET https://cloudfunctions.googleapis.com/v1/operations/cHJvamVjdHMvY2hyb25vLXZpc2lvbi04Y2M4YS9sb2NhdGlvbnMvdXMtY2VudHJhbDEvb3BlcmF0aW9ucy9vcGVyYXRpb24tMTc4MjQxMjAzODU2MS02NTUxODI0NjZkZjk2LTY0ZjhhODJjLTc0MjgyMDRi {"name":"operations/cHJvamVjdHMvY2hyb25vLXZpc2lvbi04Y2M4YS9sb2NhdGlvbnMvdXMtY2VudHJhbDEvb3BlcmF0aW9ucy9vcGVyYXRpb24tMTc4MjQxMjAzODU2MS02NTUxODI0NjZkZjk2LTY0ZjhhODJjLTc0MjgyMDRi","metadata":{"@type":"type.googleapis.com/google.cloud.functions.v1.OperationMetadataV1","target":"projects/chrono-vision-8cc8a/locations/us-central1/functions/processImage","type":"CREATE_FUNCTION","request":{"@type":"type.googleapis.com/google.cloud.functions.v1.CloudFunction","name":"projects/chrono-vision-8cc8a/locations/us-central1/functions/processImage","httpsTrigger":{"securityLevel":"SECURE_ALWAYS"},"entryPoint":"processImage","updateTime":"1970-01-01T00:00:00Z","labels":{"deployment-tool":"cli-firebase","firebase-functions-hash":"0e5c28946b3f28a9e1ebdddad4c970f830162175"},"sourceUploadUrl":"https://storage.googleapis.com/uploads-278558036241.us-central1.cloudfunctions.appspot.com/96dce656-703a-4235-88be-63509cc59c41.zip?GoogleAccessId=service-1043859115994@gcf-admin-robot.iam.gserviceaccount.com&Expires=1782413837&Signature=JR%2B37LohhIW%2BOJHnHEHJRrT4Vp3YbiXJgydluZn9RbEotAd4q%2FbYbgb%2Focw0hdsKjjqO5bRjdubdGwSc7%2FUsfX3jZ1JbZOEx0Tr0yaFek1YW7ocheluZ%2Fx6%2BzNO%2FZGw5aPhHKZrmH35rZxWUlKssg9yf4AVlHcd%2BAm8bcyqVbF%2ByjeAEKy3GtLpzCaakES9DVcSmMQmTjnPPgU9L5GbWD8CQ4ixZfkLQ1qrZlweOQ1gY%2BFAOOz5QeXkU%2FEkJ4cH9dZLmT4%2B3oyyTvI8WJ2DeBGQlswpY1WUZdmFEIhTDT2i0fj8onJ57MXJ1xgXUw0Cfe8JWIYveorbDam9IP8acMQ%3D%3D","environmentVariables":{"FIREBASE_CONFIG":"{\"projectId\":\"chrono-vision-8cc8a\",\"storageBucket\":\"chrono-vision-8cc8a.firebasestorage.app\"}","GCLOUD_PROJECT":"chrono-vision-8cc8a","EVENTARC_CLOUD_EVENT_SOURCE":"projects/chrono-vision-8cc8a/locations/us-central1/functions/processImage"},"runtime":"nodejs20","buildEnvironmentVariables":{"GOOGLE_NODE_RUN_SCRIPTS":""},"dockerRegistry":"ARTIFACT_REGISTRY"},"versionId":"1","updateTime":"2026-06-25T18:28:07.332696084Z","buildId":"a3767d2e-1c6f-4b09-bb41-0319af4c6953","buildName":"projects/1043859115994/locations/us-central1/builds/a3767d2e-1c6f-4b09-bb41-0319af4c6953"},"done":true,"error":{"code":3,"message":"Gen1 operation for function projects/chrono-vision-8cc8a/locations/us-central1/functions/processImage failed: Build failed: Access to bucket gcf-sources-1043859115994-us-central1 denied. You must grant Storage Object Viewer permission to 1043859115994-compute@developer.gserviceaccount.com. If you are using VPC Service Controls, you must also grant it access to your service perimeter.\n."}}
[debug] [2026-06-25T18:28:13.489Z] Got source token undefined for region us-central1
[debug] [2026-06-25T18:28:13.489Z] Checked if tokens are valid: true, expires at: 1782415190782
[debug] [2026-06-25T18:28:13.489Z] Checked if tokens are valid: true, expires at: 1782415190782
[debug] [2026-06-25T18:28:13.489Z] >>> [apiv2][query] POST https://cloudfunctions.googleapis.com/v1/projects/chrono-vision-8cc8a/locations/us-central1/functions [none]
[debug] [2026-06-25T18:28:13.489Z] >>> [apiv2][body] POST https://cloudfunctions.googleapis.com/v1/projects/chrono-vision-8cc8a/locations/us-central1/functions {"name":"projects/chrono-vision-8cc8a/locations/us-central1/functions/getUserScans","sourceUploadUrl":"https://storage.googleapis.com/uploads-278558036241.us-central1.cloudfunctions.appspot.com/96dce656-703a-4235-88be-63509cc59c41.zip?GoogleAccessId=service-1043859115994@gcf-admin-robot.iam.gserviceaccount.com&Expires=1782413837&Signature=JR%2B37LohhIW%2BOJHnHEHJRrT4Vp3YbiXJgydluZn9RbEotAd4q%2FbYbgb%2Focw0hdsKjjqO5bRjdubdGwSc7%2FUsfX3jZ1JbZOEx0Tr0yaFek1YW7ocheluZ%2Fx6%2BzNO%2FZGw5aPhHKZrmH35rZxWUlKssg9yf4AVlHcd%2BAm8bcyqVbF%2ByjeAEKy3GtLpzCaakES9DVcSmMQmTjnPPgU9L5GbWD8CQ4ixZfkLQ1qrZlweOQ1gY%2BFAOOz5QeXkU%2FEkJ4cH9dZLmT4%2B3oyyTvI8WJ2DeBGQlswpY1WUZdmFEIhTDT2i0fj8onJ57MXJ1xgXUw0Cfe8JWIYveorbDam9IP8acMQ%3D%3D","entryPoint":"getUserScans","runtime":"nodejs20","dockerRegistry":"ARTIFACT_REGISTRY","labels":{"deployment-tool":"cli-firebase","deployment-callable":"true","firebase-functions-hash":"0e5c28946b3f28a9e1ebdddad4c970f830162175"},"httpsTrigger":{"securityLevel":"SECURE_ALWAYS"},"minInstances":null,"maxInstances":null,"ingressSettings":null,"environmentVariables":{"FIREBASE_CONFIG":"{\"projectId\":\"chrono-vision-8cc8a\",\"storageBucket\":\"chrono-vision-8cc8a.firebasestorage.app\"}","GCLOUD_PROJECT":"chrono-vision-8cc8a","EVENTARC_CLOUD_EVENT_SOURCE":"projects/chrono-vision-8cc8a/locations/us-central1/functions/getUserScans"},"serviceAccountEmail":null,"availableMemoryMb":null,"timeout":null,"vpcConnector":null,"vpcConnectorEgressSettings":null,"buildEnvironmentVariables":{"GOOGLE_NODE_RUN_SCRIPTS":""}}
[error] Gen1 operation for function projects/chrono-vision-8cc8a/locations/us-central1/functions/processImage failed: Build failed: Access to bucket gcf-sources-1043859115994-us-central1 denied. You must grant Storage Object Viewer permission to 1043859115994-compute@developer.gserviceaccount.com. If you are using VPC Service Controls, you must also grant it access to your service perimeter.
.
[debug] [2026-06-25T18:28:14.600Z] <<< [apiv2][status] POST https://cloudfunctions.googleapis.com/v1/projects/chrono-vision-8cc8a/locations/us-central1/functions 200
[debug] [2026-06-25T18:28:14.600Z] <<< [apiv2][body] POST https://cloudfunctions.googleapis.com/v1/projects/chrono-vision-8cc8a/locations/us-central1/functions {"name":"operations/cHJvamVjdHMvY2hyb25vLXZpc2lvbi04Y2M4YS9sb2NhdGlvbnMvdXMtY2VudHJhbDEvb3BlcmF0aW9ucy9vcGVyYXRpb24tMTc4MjQxMjA5MTg5Ny02NTUxODI3OTRiNzNjLTdkNWY1MWEzLWM1MzMyMTJk","metadata":{"@type":"type.googleapis.com/google.cloud.functions.v1.OperationMetadataV1","target":"projects/chrono-vision-8cc8a/locations/us-central1/functions/getUserScans","updateTime":"2026-06-25T18:28:12.332425183Z"}}
[debug] [2026-06-25T18:28:14.600Z] Checked if tokens are valid: true, expires at: 1782415190782
[debug] [2026-06-25T18:28:14.600Z] Checked if tokens are valid: true, expires at: 1782415190782
[debug] [2026-06-25T18:28:14.600Z] >>> [apiv2][query] GET https://cloudfunctions.googleapis.com/v1/operations/cHJvamVjdHMvY2hyb25vLXZpc2lvbi04Y2M4YS9sb2NhdGlvbnMvdXMtY2VudHJhbDEvb3BlcmF0aW9ucy9vcGVyYXRpb24tMTc4MjQxMjA5MTg5Ny02NTUxODI3OTRiNzNjLTdkNWY1MWEzLWM1MzMyMTJk [none]
[debug] [2026-06-25T18:28:15.186Z] <<< [apiv2][status] GET https://cloudfunctions.googleapis.com/v1/operations/cHJvamVjdHMvY2hyb25vLXZpc2lvbi04Y2M4YS9sb2NhdGlvbnMvdXMtY2VudHJhbDEvb3BlcmF0aW9ucy9vcGVyYXRpb24tMTc4MjQxMjA5MTg5Ny02NTUxODI3OTRiNzNjLTdkNWY1MWEzLWM1MzMyMTJk 200
[debug] [2026-06-25T18:28:15.186Z] <<< [apiv2][body] GET https://cloudfunctions.googleapis.com/v1/operations/cHJvamVjdHMvY2hyb25vLXZpc2lvbi04Y2M4YS9sb2NhdGlvbnMvdXMtY2VudHJhbDEvb3BlcmF0aW9ucy9vcGVyYXRpb24tMTc4MjQxMjA5MTg5Ny02NTUxODI3OTRiNzNjLTdkNWY1MWEzLWM1MzMyMTJk {"name":"operations/cHJvamVjdHMvY2hyb25vLXZpc2lvbi04Y2M4YS9sb2NhdGlvbnMvdXMtY2VudHJhbDEvb3BlcmF0aW9ucy9vcGVyYXRpb24tMTc4MjQxMjA5MTg5Ny02NTUxODI3OTRiNzNjLTdkNWY1MWEzLWM1MzMyMTJk","metadata":{"@type":"type.googleapis.com/google.cloud.functions.v1.OperationMetadataV1","target":"projects/chrono-vision-8cc8a/locations/us-central1/functions/getUserScans","updateTime":"2026-06-25T18:28:12.332425183Z"}}
[debug] [2026-06-25T18:28:15.696Z] [create-default-us-central1-getUserScans] Retrying task index 0
[debug] [2026-06-25T18:28:15.696Z] Checked if tokens are valid: true, expires at: 1782415190782
[debug] [2026-06-25T18:28:15.696Z] Checked if tokens are valid: true, expires at: 1782415190782
[debug] [2026-06-25T18:28:15.697Z] >>> [apiv2][query] GET https://cloudfunctions.googleapis.com/v1/operations/cHJvamVjdHMvY2hyb25vLXZpc2lvbi04Y2M4YS9sb2NhdGlvbnMvdXMtY2VudHJhbDEvb3BlcmF0aW9ucy9vcGVyYXRpb24tMTc4MjQxMjA5MTg5Ny02NTUxODI3OTRiNzNjLTdkNWY1MWEzLWM1MzMyMTJk [none]
[debug] [2026-06-25T18:28:15.971Z] <<< [apiv2][status] GET https://cloudfunctions.googleapis.com/v1/operations/cHJvamVjdHMvY2hyb25vLXZpc2lvbi04Y2M4YS9sb2NhdGlvbnMvdXMtY2VudHJhbDEvb3BlcmF0aW9ucy9vcGVyYXRpb24tMTc4MjQxMjA5MTg5Ny02NTUxODI3OTRiNzNjLTdkNWY1MWEzLWM1MzMyMTJk 200
[debug] [2026-06-25T18:28:15.971Z] <<< [apiv2][body] GET https://cloudfunctions.googleapis.com/v1/operations/cHJvamVjdHMvY2hyb25vLXZpc2lvbi04Y2M4YS9sb2NhdGlvbnMvdXMtY2VudHJhbDEvb3BlcmF0aW9ucy9vcGVyYXRpb24tMTc4MjQxMjA5MTg5Ny02NTUxODI3OTRiNzNjLTdkNWY1MWEzLWM1MzMyMTJk {"name":"operations/cHJvamVjdHMvY2hyb25vLXZpc2lvbi04Y2M4YS9sb2NhdGlvbnMvdXMtY2VudHJhbDEvb3BlcmF0aW9ucy9vcGVyYXRpb24tMTc4MjQxMjA5MTg5Ny02NTUxODI3OTRiNzNjLTdkNWY1MWEzLWM1MzMyMTJk","metadata":{"@type":"type.googleapis.com/google.cloud.functions.v1.OperationMetadataV1","target":"projects/chrono-vision-8cc8a/locations/us-central1/functions/getUserScans","type":"CREATE_FUNCTION","request":{"@type":"type.googleapis.com/google.cloud.functions.v1.CloudFunction","name":"projects/chrono-vision-8cc8a/locations/us-central1/functions/getUserScans","httpsTrigger":{"securityLevel":"SECURE_ALWAYS"},"entryPoint":"getUserScans","updateTime":"1970-01-01T00:00:00Z","labels":{"deployment-tool":"cli-firebase","deployment-callable":"true","firebase-functions-hash":"0e5c28946b3f28a9e1ebdddad4c970f830162175"},"sourceUploadUrl":"https://storage.googleapis.com/uploads-278558036241.us-central1.cloudfunctions.appspot.com/96dce656-703a-4235-88be-63509cc59c41.zip?GoogleAccessId=service-1043859115994@gcf-admin-robot.iam.gserviceaccount.com&Expires=1782413837&Signature=JR%2B37LohhIW%2BOJHnHEHJRrT4Vp3YbiXJgydluZn9RbEotAd4q%2FbYbgb%2Focw0hdsKjjqO5bRjdubdGwSc7%2FUsfX3jZ1JbZOEx0Tr0yaFek1YW7ocheluZ%2Fx6%2BzNO%2FZGw5aPhHKZrmH35rZxWUlKssg9yf4AVlHcd%2BAm8bcyqVbF%2ByjeAEKy3GtLpzCaakES9DVcSmMQmTjnPPgU9L5GbWD8CQ4ixZfkLQ1qrZlweOQ1gY%2BFAOOz5QeXkU%2FEkJ4cH9dZLmT4%2B3oyyTvI8WJ2DeBGQlswpY1WUZdmFEIhTDT2i0fj8onJ57MXJ1xgXUw0Cfe8JWIYveorbDam9IP8acMQ%3D%3D","environmentVariables":{"FIREBASE_CONFIG":"{\"projectId\":\"chrono-vision-8cc8a\",\"storageBucket\":\"chrono-vision-8cc8a.firebasestorage.app\"}","GCLOUD_PROJECT":"chrono-vision-8cc8a","EVENTARC_CLOUD_EVENT_SOURCE":"projects/chrono-vision-8cc8a/locations/us-central1/functions/getUserScans"},"runtime":"nodejs20","buildEnvironmentVariables":{"GOOGLE_NODE_RUN_SCRIPTS":""},"dockerRegistry":"ARTIFACT_REGISTRY"},"versionId":"1","updateTime":"2026-06-25T18:28:12.332425183Z"}}
[debug] [2026-06-25T18:28:16.981Z] [create-default-us-central1-getUserScans] Retrying task index 0
[debug] [2026-06-25T18:28:16.981Z] Checked if tokens are valid: true, expires at: 1782415190782
[debug] [2026-06-25T18:28:16.981Z] Checked if tokens are valid: true, expires at: 1782415190782
[debug] [2026-06-25T18:28:16.981Z] >>> [apiv2][query] GET https://cloudfunctions.googleapis.com/v1/operations/cHJvamVjdHMvY2hyb25vLXZpc2lvbi04Y2M4YS9sb2NhdGlvbnMvdXMtY2VudHJhbDEvb3BlcmF0aW9ucy9vcGVyYXRpb24tMTc4MjQxMjA5MTg5Ny02NTUxODI3OTRiNzNjLTdkNWY1MWEzLWM1MzMyMTJk [none]
[debug] [2026-06-25T18:28:17.591Z] <<< [apiv2][status] GET https://cloudfunctions.googleapis.com/v1/operations/cHJvamVjdHMvY2hyb25vLXZpc2lvbi04Y2M4YS9sb2NhdGlvbnMvdXMtY2VudHJhbDEvb3BlcmF0aW9ucy9vcGVyYXRpb24tMTc4MjQxMjA5MTg5Ny02NTUxODI3OTRiNzNjLTdkNWY1MWEzLWM1MzMyMTJk 200
[debug] [2026-06-25T18:28:17.591Z] <<< [apiv2][body] GET https://cloudfunctions.googleapis.com/v1/operations/cHJvamVjdHMvY2hyb25vLXZpc2lvbi04Y2M4YS9sb2NhdGlvbnMvdXMtY2VudHJhbDEvb3BlcmF0aW9ucy9vcGVyYXRpb24tMTc4MjQxMjA5MTg5Ny02NTUxODI3OTRiNzNjLTdkNWY1MWEzLWM1MzMyMTJk {"name":"operations/cHJvamVjdHMvY2hyb25vLXZpc2lvbi04Y2M4YS9sb2NhdGlvbnMvdXMtY2VudHJhbDEvb3BlcmF0aW9ucy9vcGVyYXRpb24tMTc4MjQxMjA5MTg5Ny02NTUxODI3OTRiNzNjLTdkNWY1MWEzLWM1MzMyMTJk","metadata":{"@type":"type.googleapis.com/google.cloud.functions.v1.OperationMetadataV1","target":"projects/chrono-vision-8cc8a/locations/us-central1/functions/getUserScans","type":"CREATE_FUNCTION","request":{"@type":"type.googleapis.com/google.cloud.functions.v1.CloudFunction","name":"projects/chrono-vision-8cc8a/locations/us-central1/functions/getUserScans","httpsTrigger":{"securityLevel":"SECURE_ALWAYS"},"entryPoint":"getUserScans","updateTime":"1970-01-01T00:00:00Z","labels":{"deployment-tool":"cli-firebase","deployment-callable":"true","firebase-functions-hash":"0e5c28946b3f28a9e1ebdddad4c970f830162175"},"sourceUploadUrl":"https://storage.googleapis.com/uploads-278558036241.us-central1.cloudfunctions.appspot.com/96dce656-703a-4235-88be-63509cc59c41.zip?GoogleAccessId=service-1043859115994@gcf-admin-robot.iam.gserviceaccount.com&Expires=1782413837&Signature=JR%2B37LohhIW%2BOJHnHEHJRrT4Vp3YbiXJgydluZn9RbEotAd4q%2FbYbgb%2Focw0hdsKjjqO5bRjdubdGwSc7%2FUsfX3jZ1JbZOEx0Tr0yaFek1YW7ocheluZ%2Fx6%2BzNO%2FZGw5aPhHKZrmH35rZxWUlKssg9yf4AVlHcd%2BAm8bcyqVbF%2ByjeAEKy3GtLpzCaakES9DVcSmMQmTjnPPgU9L5GbWD8CQ4ixZfkLQ1qrZlweOQ1gY%2BFAOOz5QeXkU%2FEkJ4cH9dZLmT4%2B3oyyTvI8WJ2DeBGQlswpY1WUZdmFEIhTDT2i0fj8onJ57MXJ1xgXUw0Cfe8JWIYveorbDam9IP8acMQ%3D%3D","environmentVariables":{"FIREBASE_CONFIG":"{\"projectId\":\"chrono-vision-8cc8a\",\"storageBucket\":\"chrono-vision-8cc8a.firebasestorage.app\"}","GCLOUD_PROJECT":"chrono-vision-8cc8a","EVENTARC_CLOUD_EVENT_SOURCE":"projects/chrono-vision-8cc8a/locations/us-central1/functions/getUserScans"},"runtime":"nodejs20","buildEnvironmentVariables":{"GOOGLE_NODE_RUN_SCRIPTS":""},"dockerRegistry":"ARTIFACT_REGISTRY"},"versionId":"1","updateTime":"2026-06-25T18:28:12.332425183Z"}}
[debug] [2026-06-25T18:28:19.593Z] [create-default-us-central1-getUserScans] Retrying task index 0
[debug] [2026-06-25T18:28:19.593Z] Checked if tokens are valid: true, expires at: 1782415190782
[debug] [2026-06-25T18:28:19.593Z] Checked if tokens are valid: true, expires at: 1782415190782
[debug] [2026-06-25T18:28:19.594Z] >>> [apiv2][query] GET https://cloudfunctions.googleapis.com/v1/operations/cHJvamVjdHMvY2hyb25vLXZpc2lvbi04Y2M4YS9sb2NhdGlvbnMvdXMtY2VudHJhbDEvb3BlcmF0aW9ucy9vcGVyYXRpb24tMTc4MjQxMjA5MTg5Ny02NTUxODI3OTRiNzNjLTdkNWY1MWEzLWM1MzMyMTJk [none]
[debug] [2026-06-25T18:28:19.876Z] <<< [apiv2][status] GET https://cloudfunctions.googleapis.com/v1/operations/cHJvamVjdHMvY2hyb25vLXZpc2lvbi04Y2M4YS9sb2NhdGlvbnMvdXMtY2VudHJhbDEvb3BlcmF0aW9ucy9vcGVyYXRpb24tMTc4MjQxMjA5MTg5Ny02NTUxODI3OTRiNzNjLTdkNWY1MWEzLWM1MzMyMTJk 200
[debug] [2026-06-25T18:28:19.877Z] <<< [apiv2][body] GET https://cloudfunctions.googleapis.com/v1/operations/cHJvamVjdHMvY2hyb25vLXZpc2lvbi04Y2M4YS9sb2NhdGlvbnMvdXMtY2VudHJhbDEvb3BlcmF0aW9ucy9vcGVyYXRpb24tMTc4MjQxMjA5MTg5Ny02NTUxODI3OTRiNzNjLTdkNWY1MWEzLWM1MzMyMTJk {"name":"operations/cHJvamVjdHMvY2hyb25vLXZpc2lvbi04Y2M4YS9sb2NhdGlvbnMvdXMtY2VudHJhbDEvb3BlcmF0aW9ucy9vcGVyYXRpb24tMTc4MjQxMjA5MTg5Ny02NTUxODI3OTRiNzNjLTdkNWY1MWEzLWM1MzMyMTJk","metadata":{"@type":"type.googleapis.com/google.cloud.functions.v1.OperationMetadataV1","target":"projects/chrono-vision-8cc8a/locations/us-central1/functions/getUserScans","type":"CREATE_FUNCTION","request":{"@type":"type.googleapis.com/google.cloud.functions.v1.CloudFunction","name":"projects/chrono-vision-8cc8a/locations/us-central1/functions/getUserScans","httpsTrigger":{"securityLevel":"SECURE_ALWAYS"},"entryPoint":"getUserScans","updateTime":"1970-01-01T00:00:00Z","labels":{"deployment-tool":"cli-firebase","deployment-callable":"true","firebase-functions-hash":"0e5c28946b3f28a9e1ebdddad4c970f830162175"},"sourceUploadUrl":"https://storage.googleapis.com/uploads-278558036241.us-central1.cloudfunctions.appspot.com/96dce656-703a-4235-88be-63509cc59c41.zip?GoogleAccessId=service-1043859115994@gcf-admin-robot.iam.gserviceaccount.com&Expires=1782413837&Signature=JR%2B37LohhIW%2BOJHnHEHJRrT4Vp3YbiXJgydluZn9RbEotAd4q%2FbYbgb%2Focw0hdsKjjqO5bRjdubdGwSc7%2FUsfX3jZ1JbZOEx0Tr0yaFek1YW7ocheluZ%2Fx6%2BzNO%2FZGw5aPhHKZrmH35rZxWUlKssg9yf4AVlHcd%2BAm8bcyqVbF%2ByjeAEKy3GtLpzCaakES9DVcSmMQmTjnPPgU9L5GbWD8CQ4ixZfkLQ1qrZlweOQ1gY%2BFAOOz5QeXkU%2FEkJ4cH9dZLmT4%2B3oyyTvI8WJ2DeBGQlswpY1WUZdmFEIhTDT2i0fj8onJ57MXJ1xgXUw0Cfe8JWIYveorbDam9IP8acMQ%3D%3D","environmentVariables":{"FIREBASE_CONFIG":"{\"projectId\":\"chrono-vision-8cc8a\",\"storageBucket\":\"chrono-vision-8cc8a.firebasestorage.app\"}","GCLOUD_PROJECT":"chrono-vision-8cc8a","EVENTARC_CLOUD_EVENT_SOURCE":"projects/chrono-vision-8cc8a/locations/us-central1/functions/getUserScans"},"runtime":"nodejs20","buildEnvironmentVariables":{"GOOGLE_NODE_RUN_SCRIPTS":""},"dockerRegistry":"ARTIFACT_REGISTRY"},"versionId":"1","updateTime":"2026-06-25T18:28:12.332425183Z","buildId":"62ee50b8-898d-4bd5-998f-7a07c8e5e54a","buildName":"projects/1043859115994/locations/us-central1/builds/62ee50b8-898d-4bd5-998f-7a07c8e5e54a"}}
[debug] [2026-06-25T18:28:23.892Z] [create-default-us-central1-getUserScans] Retrying task index 0
[debug] [2026-06-25T18:28:23.892Z] Checked if tokens are valid: true, expires at: 1782415190782
[debug] [2026-06-25T18:28:23.892Z] Checked if tokens are valid: true, expires at: 1782415190782
[debug] [2026-06-25T18:28:23.892Z] >>> [apiv2][query] GET https://cloudfunctions.googleapis.com/v1/operations/cHJvamVjdHMvY2hyb25vLXZpc2lvbi04Y2M4YS9sb2NhdGlvbnMvdXMtY2VudHJhbDEvb3BlcmF0aW9ucy9vcGVyYXRpb24tMTc4MjQxMjA5MTg5Ny02NTUxODI3OTRiNzNjLTdkNWY1MWEzLWM1MzMyMTJk [none]
[debug] [2026-06-25T18:28:24.522Z] <<< [apiv2][status] GET https://cloudfunctions.googleapis.com/v1/operations/cHJvamVjdHMvY2hyb25vLXZpc2lvbi04Y2M4YS9sb2NhdGlvbnMvdXMtY2VudHJhbDEvb3BlcmF0aW9ucy9vcGVyYXRpb24tMTc4MjQxMjA5MTg5Ny02NTUxODI3OTRiNzNjLTdkNWY1MWEzLWM1MzMyMTJk 200
[debug] [2026-06-25T18:28:24.522Z] <<< [apiv2][body] GET https://cloudfunctions.googleapis.com/v1/operations/cHJvamVjdHMvY2hyb25vLXZpc2lvbi04Y2M4YS9sb2NhdGlvbnMvdXMtY2VudHJhbDEvb3BlcmF0aW9ucy9vcGVyYXRpb24tMTc4MjQxMjA5MTg5Ny02NTUxODI3OTRiNzNjLTdkNWY1MWEzLWM1MzMyMTJk {"name":"operations/cHJvamVjdHMvY2hyb25vLXZpc2lvbi04Y2M4YS9sb2NhdGlvbnMvdXMtY2VudHJhbDEvb3BlcmF0aW9ucy9vcGVyYXRpb24tMTc4MjQxMjA5MTg5Ny02NTUxODI3OTRiNzNjLTdkNWY1MWEzLWM1MzMyMTJk","metadata":{"@type":"type.googleapis.com/google.cloud.functions.v1.OperationMetadataV1","target":"projects/chrono-vision-8cc8a/locations/us-central1/functions/getUserScans","type":"CREATE_FUNCTION","request":{"@type":"type.googleapis.com/google.cloud.functions.v1.CloudFunction","name":"projects/chrono-vision-8cc8a/locations/us-central1/functions/getUserScans","httpsTrigger":{"securityLevel":"SECURE_ALWAYS"},"entryPoint":"getUserScans","updateTime":"1970-01-01T00:00:00Z","labels":{"deployment-tool":"cli-firebase","deployment-callable":"true","firebase-functions-hash":"0e5c28946b3f28a9e1ebdddad4c970f830162175"},"sourceUploadUrl":"https://storage.googleapis.com/uploads-278558036241.us-central1.cloudfunctions.appspot.com/96dce656-703a-4235-88be-63509cc59c41.zip?GoogleAccessId=service-1043859115994@gcf-admin-robot.iam.gserviceaccount.com&Expires=1782413837&Signature=JR%2B37LohhIW%2BOJHnHEHJRrT4Vp3YbiXJgydluZn9RbEotAd4q%2FbYbgb%2Focw0hdsKjjqO5bRjdubdGwSc7%2FUsfX3jZ1JbZOEx0Tr0yaFek1YW7ocheluZ%2Fx6%2BzNO%2FZGw5aPhHKZrmH35rZxWUlKssg9yf4AVlHcd%2BAm8bcyqVbF%2ByjeAEKy3GtLpzCaakES9DVcSmMQmTjnPPgU9L5GbWD8CQ4ixZfkLQ1qrZlweOQ1gY%2BFAOOz5QeXkU%2FEkJ4cH9dZLmT4%2B3oyyTvI8WJ2DeBGQlswpY1WUZdmFEIhTDT2i0fj8onJ57MXJ1xgXUw0Cfe8JWIYveorbDam9IP8acMQ%3D%3D","environmentVariables":{"FIREBASE_CONFIG":"{\"projectId\":\"chrono-vision-8cc8a\",\"storageBucket\":\"chrono-vision-8cc8a.firebasestorage.app\"}","GCLOUD_PROJECT":"chrono-vision-8cc8a","EVENTARC_CLOUD_EVENT_SOURCE":"projects/chrono-vision-8cc8a/locations/us-central1/functions/getUserScans"},"runtime":"nodejs20","buildEnvironmentVariables":{"GOOGLE_NODE_RUN_SCRIPTS":""},"dockerRegistry":"ARTIFACT_REGISTRY"},"versionId":"1","updateTime":"2026-06-25T18:28:12.332425183Z","buildId":"62ee50b8-898d-4bd5-998f-7a07c8e5e54a","buildName":"projects/1043859115994/locations/us-central1/builds/62ee50b8-898d-4bd5-998f-7a07c8e5e54a"}}
[debug] [2026-06-25T18:28:32.528Z] [create-default-us-central1-getUserScans] Retrying task index 0
[debug] [2026-06-25T18:28:32.528Z] Checked if tokens are valid: true, expires at: 1782415190782
[debug] [2026-06-25T18:28:32.529Z] Checked if tokens are valid: true, expires at: 1782415190782
[debug] [2026-06-25T18:28:32.529Z] >>> [apiv2][query] GET https://cloudfunctions.googleapis.com/v1/operations/cHJvamVjdHMvY2hyb25vLXZpc2lvbi04Y2M4YS9sb2NhdGlvbnMvdXMtY2VudHJhbDEvb3BlcmF0aW9ucy9vcGVyYXRpb24tMTc4MjQxMjA5MTg5Ny02NTUxODI3OTRiNzNjLTdkNWY1MWEzLWM1MzMyMTJk [none]
[debug] [2026-06-25T18:28:33.221Z] <<< [apiv2][status] GET https://cloudfunctions.googleapis.com/v1/operations/cHJvamVjdHMvY2hyb25vLXZpc2lvbi04Y2M4YS9sb2NhdGlvbnMvdXMtY2VudHJhbDEvb3BlcmF0aW9ucy9vcGVyYXRpb24tMTc4MjQxMjA5MTg5Ny02NTUxODI3OTRiNzNjLTdkNWY1MWEzLWM1MzMyMTJk 200
[debug] [2026-06-25T18:28:33.221Z] <<< [apiv2][body] GET https://cloudfunctions.googleapis.com/v1/operations/cHJvamVjdHMvY2hyb25vLXZpc2lvbi04Y2M4YS9sb2NhdGlvbnMvdXMtY2VudHJhbDEvb3BlcmF0aW9ucy9vcGVyYXRpb24tMTc4MjQxMjA5MTg5Ny02NTUxODI3OTRiNzNjLTdkNWY1MWEzLWM1MzMyMTJk {"name":"operations/cHJvamVjdHMvY2hyb25vLXZpc2lvbi04Y2M4YS9sb2NhdGlvbnMvdXMtY2VudHJhbDEvb3BlcmF0aW9ucy9vcGVyYXRpb24tMTc4MjQxMjA5MTg5Ny02NTUxODI3OTRiNzNjLTdkNWY1MWEzLWM1MzMyMTJk","metadata":{"@type":"type.googleapis.com/google.cloud.functions.v1.OperationMetadataV1","target":"projects/chrono-vision-8cc8a/locations/us-central1/functions/getUserScans","type":"CREATE_FUNCTION","request":{"@type":"type.googleapis.com/google.cloud.functions.v1.CloudFunction","name":"projects/chrono-vision-8cc8a/locations/us-central1/functions/getUserScans","httpsTrigger":{"securityLevel":"SECURE_ALWAYS"},"entryPoint":"getUserScans","updateTime":"1970-01-01T00:00:00Z","labels":{"deployment-tool":"cli-firebase","deployment-callable":"true","firebase-functions-hash":"0e5c28946b3f28a9e1ebdddad4c970f830162175"},"sourceUploadUrl":"https://storage.googleapis.com/uploads-278558036241.us-central1.cloudfunctions.appspot.com/96dce656-703a-4235-88be-63509cc59c41.zip?GoogleAccessId=service-1043859115994@gcf-admin-robot.iam.gserviceaccount.com&Expires=1782413837&Signature=JR%2B37LohhIW%2BOJHnHEHJRrT4Vp3YbiXJgydluZn9RbEotAd4q%2FbYbgb%2Focw0hdsKjjqO5bRjdubdGwSc7%2FUsfX3jZ1JbZOEx0Tr0yaFek1YW7ocheluZ%2Fx6%2BzNO%2FZGw5aPhHKZrmH35rZxWUlKssg9yf4AVlHcd%2BAm8bcyqVbF%2ByjeAEKy3GtLpzCaakES9DVcSmMQmTjnPPgU9L5GbWD8CQ4ixZfkLQ1qrZlweOQ1gY%2BFAOOz5QeXkU%2FEkJ4cH9dZLmT4%2B3oyyTvI8WJ2DeBGQlswpY1WUZdmFEIhTDT2i0fj8onJ57MXJ1xgXUw0Cfe8JWIYveorbDam9IP8acMQ%3D%3D","environmentVariables":{"FIREBASE_CONFIG":"{\"projectId\":\"chrono-vision-8cc8a\",\"storageBucket\":\"chrono-vision-8cc8a.firebasestorage.app\"}","GCLOUD_PROJECT":"chrono-vision-8cc8a","EVENTARC_CLOUD_EVENT_SOURCE":"projects/chrono-vision-8cc8a/locations/us-central1/functions/getUserScans"},"runtime":"nodejs20","buildEnvironmentVariables":{"GOOGLE_NODE_RUN_SCRIPTS":""},"dockerRegistry":"ARTIFACT_REGISTRY"},"versionId":"1","updateTime":"2026-06-25T18:28:12.332425183Z","buildId":"62ee50b8-898d-4bd5-998f-7a07c8e5e54a","buildName":"projects/1043859115994/locations/us-central1/builds/62ee50b8-898d-4bd5-998f-7a07c8e5e54a"}}
[debug] [2026-06-25T18:28:43.232Z] [create-default-us-central1-getUserScans] Retrying task index 0
[debug] [2026-06-25T18:28:43.233Z] Checked if tokens are valid: true, expires at: 1782415190782
[debug] [2026-06-25T18:28:43.233Z] Checked if tokens are valid: true, expires at: 1782415190782
[debug] [2026-06-25T18:28:43.233Z] >>> [apiv2][query] GET https://cloudfunctions.googleapis.com/v1/operations/cHJvamVjdHMvY2hyb25vLXZpc2lvbi04Y2M4YS9sb2NhdGlvbnMvdXMtY2VudHJhbDEvb3BlcmF0aW9ucy9vcGVyYXRpb24tMTc4MjQxMjA5MTg5Ny02NTUxODI3OTRiNzNjLTdkNWY1MWEzLWM1MzMyMTJk [none]
[debug] [2026-06-25T18:28:43.928Z] <<< [apiv2][status] GET https://cloudfunctions.googleapis.com/v1/operations/cHJvamVjdHMvY2hyb25vLXZpc2lvbi04Y2M4YS9sb2NhdGlvbnMvdXMtY2VudHJhbDEvb3BlcmF0aW9ucy9vcGVyYXRpb24tMTc4MjQxMjA5MTg5Ny02NTUxODI3OTRiNzNjLTdkNWY1MWEzLWM1MzMyMTJk 200
[debug] [2026-06-25T18:28:43.929Z] <<< [apiv2][body] GET https://cloudfunctions.googleapis.com/v1/operations/cHJvamVjdHMvY2hyb25vLXZpc2lvbi04Y2M4YS9sb2NhdGlvbnMvdXMtY2VudHJhbDEvb3BlcmF0aW9ucy9vcGVyYXRpb24tMTc4MjQxMjA5MTg5Ny02NTUxODI3OTRiNzNjLTdkNWY1MWEzLWM1MzMyMTJk {"name":"operations/cHJvamVjdHMvY2hyb25vLXZpc2lvbi04Y2M4YS9sb2NhdGlvbnMvdXMtY2VudHJhbDEvb3BlcmF0aW9ucy9vcGVyYXRpb24tMTc4MjQxMjA5MTg5Ny02NTUxODI3OTRiNzNjLTdkNWY1MWEzLWM1MzMyMTJk","metadata":{"@type":"type.googleapis.com/google.cloud.functions.v1.OperationMetadataV1","target":"projects/chrono-vision-8cc8a/locations/us-central1/functions/getUserScans","type":"CREATE_FUNCTION","request":{"@type":"type.googleapis.com/google.cloud.functions.v1.CloudFunction","name":"projects/chrono-vision-8cc8a/locations/us-central1/functions/getUserScans","httpsTrigger":{"securityLevel":"SECURE_ALWAYS"},"entryPoint":"getUserScans","updateTime":"1970-01-01T00:00:00Z","labels":{"deployment-tool":"cli-firebase","deployment-callable":"true","firebase-functions-hash":"0e5c28946b3f28a9e1ebdddad4c970f830162175"},"sourceUploadUrl":"https://storage.googleapis.com/uploads-278558036241.us-central1.cloudfunctions.appspot.com/96dce656-703a-4235-88be-63509cc59c41.zip?GoogleAccessId=service-1043859115994@gcf-admin-robot.iam.gserviceaccount.com&Expires=1782413837&Signature=JR%2B37LohhIW%2BOJHnHEHJRrT4Vp3YbiXJgydluZn9RbEotAd4q%2FbYbgb%2Focw0hdsKjjqO5bRjdubdGwSc7%2FUsfX3jZ1JbZOEx0Tr0yaFek1YW7ocheluZ%2Fx6%2BzNO%2FZGw5aPhHKZrmH35rZxWUlKssg9yf4AVlHcd%2BAm8bcyqVbF%2ByjeAEKy3GtLpzCaakES9DVcSmMQmTjnPPgU9L5GbWD8CQ4ixZfkLQ1qrZlweOQ1gY%2BFAOOz5QeXkU%2FEkJ4cH9dZLmT4%2B3oyyTvI8WJ2DeBGQlswpY1WUZdmFEIhTDT2i0fj8onJ57MXJ1xgXUw0Cfe8JWIYveorbDam9IP8acMQ%3D%3D","environmentVariables":{"FIREBASE_CONFIG":"{\"projectId\":\"chrono-vision-8cc8a\",\"storageBucket\":\"chrono-vision-8cc8a.firebasestorage.app\"}","GCLOUD_PROJECT":"chrono-vision-8cc8a","EVENTARC_CLOUD_EVENT_SOURCE":"projects/chrono-vision-8cc8a/locations/us-central1/functions/getUserScans"},"runtime":"nodejs20","buildEnvironmentVariables":{"GOOGLE_NODE_RUN_SCRIPTS":""},"dockerRegistry":"ARTIFACT_REGISTRY"},"versionId":"1","updateTime":"2026-06-25T18:28:41.261765079Z","buildId":"62ee50b8-898d-4bd5-998f-7a07c8e5e54a","buildName":"projects/1043859115994/locations/us-central1/builds/62ee50b8-898d-4bd5-998f-7a07c8e5e54a"},"done":true,"error":{"code":3,"message":"Gen1 operation for function projects/chrono-vision-8cc8a/locations/us-central1/functions/getUserScans failed: Build failed: Access to bucket gcf-sources-1043859115994-us-central1 denied. You must grant Storage Object Viewer permission to 1043859115994-compute@developer.gserviceaccount.com. If you are using VPC Service Controls, you must also grant it access to your service perimeter.\n."}}
[debug] [2026-06-25T18:28:43.929Z] Got source token undefined for region us-central1
[error] Gen1 operation for function projects/chrono-vision-8cc8a/locations/us-central1/functions/getUserScans failed: Build failed: Access to bucket gcf-sources-1043859115994-us-central1 denied. You must grant Storage Object Viewer permission to 1043859115994-compute@developer.gserviceaccount.com. If you are using VPC Service Controls, you must also grant it access to your service perimeter.
.
[warn] !  functions: Deploys failed. Skipping deletes. 
[debug] [2026-06-25T18:28:43.935Z] Total Function Deployment time: 83771
[debug] [2026-06-25T18:28:43.935Z] 2 Functions Deployed
[debug] [2026-06-25T18:28:43.935Z] 2 Functions Errored
[debug] [2026-06-25T18:28:43.935Z] 0 Function Deployments Aborted
[debug] [2026-06-25T18:28:43.935Z] Average Function Deployment time: 68550.5
[info] 
[info] Functions deploy had errors with the following functions:
	getUserScans(us-central1)
	processImage(us-central1)
[debug] [2026-06-25T18:28:44.490Z] Not printing URL for HTTPS function. Typically this means it didn't match a filter or we failed deployment
[debug] [2026-06-25T18:28:44.491Z] Checked if tokens are valid: true, expires at: 1782415190782
[debug] [2026-06-25T18:28:44.491Z] Checked if tokens are valid: true, expires at: 1782415190782
[debug] [2026-06-25T18:28:44.491Z] >>> [apiv2][query] GET https://artifactregistry.googleapis.com/v1/projects/chrono-vision-8cc8a/locations/us-central1/repositories/gcf-artifacts [none]
[debug] [2026-06-25T18:28:45.539Z] <<< [apiv2][status] GET https://artifactregistry.googleapis.com/v1/projects/chrono-vision-8cc8a/locations/us-central1/repositories/gcf-artifacts 200
[debug] [2026-06-25T18:28:45.539Z] <<< [apiv2][body] GET https://artifactregistry.googleapis.com/v1/projects/chrono-vision-8cc8a/locations/us-central1/repositories/gcf-artifacts {"name":"projects/chrono-vision-8cc8a/locations/us-central1/repositories/gcf-artifacts","format":"DOCKER","description":"This repository is created and used by Cloud Functions for storing function docker images.","labels":{"goog-managed-by":"cloudfunctions"},"createTime":"2026-06-25T18:27:35.434712Z","updateTime":"2026-06-25T18:27:35.434712Z","mode":"STANDARD_REPOSITORY","vulnerabilityScanningConfig":{"lastEnableTime":"2026-06-25T18:27:23.435736144Z","enablementState":"SCANNING_DISABLED","enablementStateReason":"API containerscanning.googleapis.com is not enabled."},"satisfiesPzi":true,"registryUri":"us-central1-docker.pkg.dev/chrono-vision-8cc8a/gcf-artifacts"}
[warn] !  functions: No cleanup policy detected for repositories in us-central1. This may result in a small monthly bill as container images accumulate over time. 
[info] i  functions: Configuring cleanup policy for repository in us-central1. Images older than 1 days will be automatically deleted. 
[debug] [2026-06-25T18:29:08.612Z] Setting up artifact cleanup policy for region us-central1
[debug] [2026-06-25T18:29:08.612Z] Checked if tokens are valid: true, expires at: 1782415190782
[debug] [2026-06-25T18:29:08.612Z] Checked if tokens are valid: true, expires at: 1782415190782
[debug] [2026-06-25T18:29:08.613Z] >>> [apiv2][query] PATCH https://artifactregistry.googleapis.com/v1/projects/chrono-vision-8cc8a/locations/us-central1/repositories/gcf-artifacts updateMask=name%2CcleanupPolicies%2CcleanupPolicyDryRun%2Clabels
[debug] [2026-06-25T18:29:08.613Z] >>> [apiv2][body] PATCH https://artifactregistry.googleapis.com/v1/projects/chrono-vision-8cc8a/locations/us-central1/repositories/gcf-artifacts {"name":"projects/chrono-vision-8cc8a/locations/us-central1/repositories/gcf-artifacts","cleanupPolicies":{"firebase-functions-cleanup":{"id":"firebase-functions-cleanup","condition":{"tagState":"ANY","olderThan":"86400s"},"action":"DELETE"}},"cleanupPolicyDryRun":false,"labels":{"goog-managed-by":"cloudfunctions"}}
[debug] [2026-06-25T18:29:09.763Z] <<< [apiv2][status] PATCH https://artifactregistry.googleapis.com/v1/projects/chrono-vision-8cc8a/locations/us-central1/repositories/gcf-artifacts 200
[debug] [2026-06-25T18:29:09.764Z] <<< [apiv2][body] PATCH https://artifactregistry.googleapis.com/v1/projects/chrono-vision-8cc8a/locations/us-central1/repositories/gcf-artifacts {"name":"projects/chrono-vision-8cc8a/locations/us-central1/repositories/gcf-artifacts","format":"DOCKER","description":"This repository is created and used by Cloud Functions for storing function docker images.","labels":{"goog-managed-by":"cloudfunctions"},"createTime":"2026-06-25T18:27:35.434712Z","updateTime":"2026-06-25T18:29:07.485184Z","mode":"STANDARD_REPOSITORY","cleanupPolicies":{"firebase-functions-cleanup":{"id":"firebase-functions-cleanup","action":"DELETE","condition":{"tagState":"ANY","olderThan":"86400s"}}},"vulnerabilityScanningConfig":{"lastEnableTime":"2026-06-25T18:27:23.435736144Z","enablementState":"SCANNING_DISABLED","enablementStateReason":"API containerscanning.googleapis.com is not enabled."},"satisfiesPzi":true}
[info] i  functions: Configured cleanup policy for repository in us-central1. 
[debug] [2026-06-25T18:29:09.764Z] Functions deploy failed.
[debug] [2026-06-25T18:29:09.764Z] {
  "endpoint": {
    "id": "processImage",
    "project": "chrono-vision-8cc8a",
    "region": "us-central1",
    "entryPoint": "processImage",
    "platform": "gcfv1",
    "runtime": "nodejs20",
    "httpsTrigger": {},
    "serviceAccount": null,
    "ingressSettings": null,
    "availableMemoryMb": null,
    "timeoutSeconds": null,
    "maxInstances": null,
    "minInstances": null,
    "vpc": null,
    "environmentVariables": {
      "FIREBASE_CONFIG": "{\"projectId\":\"chrono-vision-8cc8a\",\"storageBucket\":\"chrono-vision-8cc8a.firebasestorage.app\"}",
      "GCLOUD_PROJECT": "chrono-vision-8cc8a",
      "EVENTARC_CLOUD_EVENT_SOURCE": "projects/chrono-vision-8cc8a/locations/us-central1/functions/processImage"
    },
    "codebase": "default",
    "targetedByOnly": false,
    "hash": "0e5c28946b3f28a9e1ebdddad4c970f830162175",
    "labels": {
      "deployment-tool": "cli-firebase"
    }
  },
  "op": "create",
  "original": {
    "name": "FirebaseError",
    "children": [],
    "exit": 1,
    "message": "Gen1 operation for function projects/chrono-vision-8cc8a/locations/us-central1/functions/processImage failed: Build failed: Access to bucket gcf-sources-1043859115994-us-central1 denied. You must grant Storage Object Viewer permission to 1043859115994-compute@developer.gserviceaccount.com. If you are using VPC Service Controls, you must also grant it access to your service perimeter.\n.",
    "original": {
      "code": 3,
      "message": "Gen1 operation for function projects/chrono-vision-8cc8a/locations/us-central1/functions/processImage failed: Build failed: Access to bucket gcf-sources-1043859115994-us-central1 denied. You must grant Storage Object Viewer permission to 1043859115994-compute@developer.gserviceaccount.com. If you are using VPC Service Controls, you must also grant it access to your service perimeter.\n."
    },
    "status": 3,
    "code": 3
  }
}
[debug] [2026-06-25T18:29:09.764Z] {
  "endpoint": {
    "id": "getUserScans",
    "project": "chrono-vision-8cc8a",
    "region": "us-central1",
    "entryPoint": "getUserScans",
    "platform": "gcfv1",
    "runtime": "nodejs20",
    "callableTrigger": {},
    "labels": {
      "deployment-tool": "cli-firebase"
    },
    "serviceAccount": null,
    "ingressSettings": null,
    "availableMemoryMb": null,
    "timeoutSeconds": null,
    "maxInstances": null,
    "minInstances": null,
    "vpc": null,
    "environmentVariables": {
      "FIREBASE_CONFIG": "{\"projectId\":\"chrono-vision-8cc8a\",\"storageBucket\":\"chrono-vision-8cc8a.firebasestorage.app\"}",
      "GCLOUD_PROJECT": "chrono-vision-8cc8a",
      "EVENTARC_CLOUD_EVENT_SOURCE": "projects/chrono-vision-8cc8a/locations/us-central1/functions/getUserScans"
    },
    "codebase": "default",
    "targetedByOnly": false,
    "hash": "0e5c28946b3f28a9e1ebdddad4c970f830162175"
  },
  "op": "create",
  "original": {
    "name": "FirebaseError",
    "children": [],
    "exit": 1,
    "message": "Gen1 operation for function projects/chrono-vision-8cc8a/locations/us-central1/functions/getUserScans failed: Build failed: Access to bucket gcf-sources-1043859115994-us-central1 denied. You must grant Storage Object Viewer permission to 1043859115994-compute@developer.gserviceaccount.com. If you are using VPC Service Controls, you must also grant it access to your service perimeter.\n.",
    "original": {
      "code": 3,
      "message": "Gen1 operation for function projects/chrono-vision-8cc8a/locations/us-central1/functions/getUserScans failed: Build failed: Access to bucket gcf-sources-1043859115994-us-central1 denied. You must grant Storage Object Viewer permission to 1043859115994-compute@developer.gserviceaccount.com. If you are using VPC Service Controls, you must also grant it access to your service perimeter.\n."
    },
    "status": 3,
    "code": 3
  }
}
[error] Error: There was an error deploying functions:
[error] - Error Failed to create function processImage in region us-central1
[error] - Error Failed to create function getUserScans in region us-central1
